[01:20:23][INFO ][PID:26897] === ROZPOCZĘCIE SYMULACJI KOLEI LINOWEJ ===
[01:20:23][INFO ][PID:26897] Parametry: 9999 sekund, max 100 turystów
[01:20:23][INFO ][PID:26897] MAIN: Uruchomiono kasjera (PID: 26901)
[01:20:23][INFO ][PID:26897] MAIN: Uruchomiono pracownika1 (PID: 26902)
[01:20:24][INFO ][PID:26897] MAIN: Uruchomiono pracownika2 (PID: 26903)
[01:20:24][INFO ][PID:26897] MAIN: Generuję turystę #1 (wiek: 62) z 0 dziećmi
[01:20:24][INFO ][PID:26897] MONITOR: Wątek monitorowania uruchomiony
[01:20:24][INFO ][PID:26897] STATYSTYKI: Wątek statystyk odłączony (pthread_detach)
[01:20:24][DEBUG][PID:26897] MAIN: Uruchomiono turystę #1 (PID: 26906, wiek: 62)
[01:20:25][INFO ][PID:26897] MAIN: Generuję turystę #2 (wiek: 53) z 0 dziećmi
[01:20:25][DEBUG][PID:26897] MAIN: Uruchomiono turystę #2 (PID: 26907, wiek: 53)
[01:20:26][INFO ][PID:26897] MAIN: Generuję turystę #3 (wiek: 69) z 2 dziećmi
[01:20:26][DEBUG][PID:26897] MAIN: Uruchomiono turystę #3 (PID: 26908, wiek: 69)
[01:20:26][DEBUG][PID:26897] MAIN: Uruchomiono turystę #4 (PID: 26909, wiek: 4)
[01:20:26][DEBUG][PID:26897] MAIN: Uruchomiono turystę #5 (PID: 26910, wiek: 5)
[01:20:27][INFO ][PID:26897] MAIN: Generuję turystę #6 (wiek: 46) z 0 dziećmi
[01:20:27][DEBUG][PID:26897] MAIN: Uruchomiono turystę #6 (PID: 26911, wiek: 46)
[01:20:28][INFO ][PID:26897] MAIN: Generuję turystę #7 (wiek: 56) z 0 dziećmi
[01:20:28][DEBUG][PID:26897] MAIN: Uruchomiono turystę #7 (PID: 26912, wiek: 56)
[01:20:29][INFO ][PID:26897] MAIN: Generuję turystę #8 (wiek: 45) z 0 dziećmi
[01:20:29][DEBUG][PID:26897] MAIN: Uruchomiono turystę #8 (PID: 26917, wiek: 45)
[01:20:30][INFO ][PID:26897] MAIN: Generuję turystę #9 (wiek: 58) z 0 dziećmi
[01:20:30][DEBUG][PID:26897] MAIN: Uruchomiono turystę #9 (PID: 26918, wiek: 58)
[01:20:31][INFO ][PID:26897] MAIN: Generuję turystę #10 (wiek: 29) z 0 dziećmi
[01:20:31][DEBUG][PID:26897] MAIN: Uruchomiono turystę #10 (PID: 26919, wiek: 29)
[01:20:32][INFO ][PID:26897] MAIN: Generuję turystę #11 (wiek: 56) z 0 dziećmi
[01:20:32][DEBUG][PID:26897] MAIN: Uruchomiono turystę #11 (PID: 26920, wiek: 56)
[01:20:32][INFO ][PID:26897] MAIN: Zatrzymywanie symulacji
[01:20:32][INFO ][PID:26897] MAIN: Zatrzymuję wszystkie procesy...
[01:20:32][INFO ][PID:26897] MONITOR: Wątek monitorowania zakończony
[01:20:33][INFO ][PID:26897] STATYSTYKI: Wątek zakończony (był odłączony, nie wymaga join)
[01:20:36][INFO ][PID:26897] MAIN: Zebrano 0 procesów potomnych
[01:20:36][INFO ][PID:26897]  ZAKOŃCZENIE SYMULACJI 
