[01:20:23][INFO ][PID:26902] PRACOWNIK1: Rozpoczynam pracę (PID: 26902)
[01:20:24][INFO ][PID:26902] PRACOWNIK1: Prośba od turysty #1 (wiek: 62, dziecko: NIE, opiekun: -1)
[01:20:24][INFO ][PID:26902] PRACOWNIK1: Wysyłam krzesełko #0 z 1 osobami
[01:20:25][INFO ][PID:26902] PRACOWNIK1: Prośba od turysty #2 (wiek: 53, dziecko: NIE, opiekun: -1)
[01:20:25][INFO ][PID:26902] PRACOWNIK1: Wysyłam krzesełko #1 z 1 osobami
[01:20:26][INFO ][PID:26902] PRACOWNIK1: Prośba od turysty #3 (wiek: 69, dziecko: NIE, opiekun: -1)
[01:20:26][INFO ][PID:26902] PRACOWNIK1: Wysyłam krzesełko #2 z 1 osobami
[01:20:26][INFO ][PID:26902] PRACOWNIK1: Prośba od turysty #4 (wiek: 4, dziecko: TAK, opiekun: 3)
[01:20:26][WARN ][PID:26902] PRACOWNIK1: Dziecko #4 bez opiekuna #3 - czeka
[01:20:26][INFO ][PID:26902] PRACOWNIK1: Prośba od turysty #5 (wiek: 5, dziecko: TAK, opiekun: 3)
[01:20:26][WARN ][PID:26902] PRACOWNIK1: Dziecko #4 bez opiekuna #3 - czeka
[01:20:26][WARN ][PID:26902] PRACOWNIK1: Dziecko #5 bez opiekuna #3 - czeka
[01:20:26][WARN ][PID:26902] PRACOWNIK1: Dziecko #4 bez opiekuna #3 - czeka
[01:20:26][WARN ][PID:26902] PRACOWNIK1: Dziecko #5 bez opiekuna #3 - czeka
[01:20:26][WARN ][PID:26902] PRACOWNIK1: Dziecko #4 bez opiekuna #3 - czeka
[01:20:26][WARN ][PID:26902] PRACOWNIK1: Dziecko #5 bez opiekuna #3 - czeka
[01:20:26][WARN ][PID:26902] PRACOWNIK1: Dziecko #4 bez opiekuna #3 - czeka
[01:20:26][WARN ][PID:26902] PRACOWNIK1: Dziecko #5 bez opiekuna #3 - czeka
[01:20:26][WARN ][PID:26902] PRACOWNIK1: Dziecko #4 bez opiekuna #3 - czeka
[01:20:26][WARN ][PID:26902] PRACOWNIK1: Dziecko #5 bez opiekuna #3 - czeka
[01:20:26][WARN ][PID:26902] PRACOWNIK1: Dziecko #4 bez opiekuna #3 - czeka
[01:20:26][WARN ][PID:26902] PRACOWNIK1: Dziecko #5 bez opiekuna #3 - czeka
[01:20:26][WARN ][PID:26902] PRACOWNIK1: Dziecko #4 bez opiekuna #3 - czeka
[01:20:26][WARN ][PID:26902] PRACOWNIK1: Dziecko #5 bez opiekuna #3 - czeka
[01:20:26][WARN ][PID:26902] PRACOWNIK1: Dziecko #4 bez opiekuna #3 - czeka
[01:20:26][WARN ][PID:26902] PRACOWNIK1: Dziecko #5 bez opiekuna #3 - czeka
[01:20:26][WARN ][PID:26902] PRACOWNIK1: Dziecko #4 bez opiekuna #3 - czeka
[01:20:26][WARN ][PID:26902] PRACOWNIK1: Dziecko #5 bez opiekuna #3 - czeka
[01:20:26][WARN ][PID:26902] PRACOWNIK1: Dziecko #4 bez opiekuna #3 - czeka
[01:20:26][WARN ][PID:26902] PRACOWNIK1: Dziecko #5 bez opiekuna #3 - czeka
[01:20:27][WARN ][PID:26902] PRACOWNIK1: Dziecko #4 bez opiekuna #3 - czeka
[01:20:27][WARN ][PID:26902] PRACOWNIK1: Dziecko #5 bez opiekuna #3 - czeka
[01:20:27][WARN ][PID:26902] PRACOWNIK1: Dziecko #4 bez opiekuna #3 - czeka
[01:20:27][WARN ][PID:26902] PRACOWNIK1: Dziecko #5 bez opiekuna #3 - czeka
[01:20:27][WARN ][PID:26902] PRACOWNIK1: Dziecko #4 bez opiekuna #3 - czeka
[01:20:27][WARN ][PID:26902] PRACOWNIK1: Dziecko #5 bez opiekuna #3 - czeka
[01:20:27][WARN ][PID:26902] PRACOWNIK1: Dziecko #4 bez opiekuna #3 - czeka
[01:20:27][WARN ][PID:26902] PRACOWNIK1: Dziecko #5 bez opiekuna #3 - czeka
[01:20:27][WARN ][PID:26902] PRACOWNIK1: Dziecko #4 bez opiekuna #3 - czeka
[01:20:27][WARN ][PID:26902] PRACOWNIK1: Dziecko #5 bez opiekuna #3 - czeka
[01:20:27][WARN ][PID:26902] PRACOWNIK1: Dziecko #4 bez opiekuna #3 - czeka
[01:20:27][WARN ][PID:26902] PRACOWNIK1: Dziecko #5 bez opiekuna #3 - czeka
[01:20:27][WARN ][PID:26902] PRACOWNIK1: Dziecko #4 bez opiekuna #3 - czeka
[01:20:27][WARN ][PID:26902] PRACOWNIK1: Dziecko #5 bez opiekuna #3 - czeka
[01:20:27][WARN ][PID:26902] PRACOWNIK1: Dziecko #4 bez opiekuna #3 - czeka
[01:20:27][WARN ][PID:26902] PRACOWNIK1: Dziecko #5 bez opiekuna #3 - czeka
[01:20:27][INFO ][PID:26902] PRACOWNIK1: Prośba od turysty #6 (wiek: 46, dziecko: NIE, opiekun: -1)
[01:20:27][WARN ][PID:26902] PRACOWNIK1: Dziecko #4 bez opiekuna #3 - czeka
[01:20:27][WARN ][PID:26902] PRACOWNIK1: Dziecko #5 bez opiekuna #3 - czeka
[01:20:27][WARN ][PID:26902] PRACOWNIK1: Dziecko #4 bez opiekuna #3 - czeka
[01:20:27][WARN ][PID:26902] PRACOWNIK1: Dziecko #5 bez opiekuna #3 - czeka
[01:20:27][WARN ][PID:26902] PRACOWNIK1: Dziecko #4 bez opiekuna #3 - czeka
[01:20:27][WARN ][PID:26902] PRACOWNIK1: Dziecko #5 bez opiekuna #3 - czeka
[01:20:27][WARN ][PID:26902] PRACOWNIK1: Dziecko #4 bez opiekuna #3 - czeka
[01:20:27][WARN ][PID:26902] PRACOWNIK1: Dziecko #5 bez opiekuna #3 - czeka
[01:20:27][WARN ][PID:26902] PRACOWNIK1: Dziecko #4 bez opiekuna #3 - czeka
[01:20:27][WARN ][PID:26902] PRACOWNIK1: Dziecko #5 bez opiekuna #3 - czeka
[01:20:27][WARN ][PID:26902] PRACOWNIK1: Dziecko #4 bez opiekuna #3 - czeka
[01:20:27][WARN ][PID:26902] PRACOWNIK1: Dziecko #5 bez opiekuna #3 - czeka
[01:20:27][WARN ][PID:26902] PRACOWNIK1: Dziecko #4 bez opiekuna #3 - czeka
[01:20:27][WARN ][PID:26902] PRACOWNIK1: Dziecko #5 bez opiekuna #3 - czeka
[01:20:27][WARN ][PID:26902] PRACOWNIK1: Dziecko #4 bez opiekuna #3 - czeka
[01:20:27][WARN ][PID:26902] PRACOWNIK1: Dziecko #5 bez opiekuna #3 - czeka
[01:20:27][WARN ][PID:26902] PRACOWNIK1: Dziecko #4 bez opiekuna #3 - czeka
[01:20:27][WARN ][PID:26902] PRACOWNIK1: Dziecko #5 bez opiekuna #3 - czeka
[01:20:27][WARN ][PID:26902] PRACOWNIK1: Dziecko #4 bez opiekuna #3 - czeka
[01:20:27][WARN ][PID:26902] PRACOWNIK1: Dziecko #5 bez opiekuna #3 - czeka
[01:20:27][WARN ][PID:26902] PRACOWNIK1: Dziecko #4 bez opiekuna #3 - czeka
[01:20:27][WARN ][PID:26902] PRACOWNIK1: Dziecko #5 bez opiekuna #3 - czeka
[01:20:28][INFO ][PID:26902] PRACOWNIK1: Prośba od turysty #7 (wiek: 56, dziecko: NIE, opiekun: -1)
[01:20:28][WARN ][PID:26902] PRACOWNIK1: Dziecko #4 bez opiekuna #3 - czeka
[01:20:28][WARN ][PID:26902] PRACOWNIK1: Dziecko #5 bez opiekuna #3 - czeka
[01:20:28][WARN ][PID:26902] PRACOWNIK1: Dziecko #4 bez opiekuna #3 - czeka
[01:20:28][WARN ][PID:26902] PRACOWNIK1: Dziecko #5 bez opiekuna #3 - czeka
[01:20:28][WARN ][PID:26902] PRACOWNIK1: Dziecko #4 bez opiekuna #3 - czeka
[01:20:28][WARN ][PID:26902] PRACOWNIK1: Dziecko #5 bez opiekuna #3 - czeka
[01:20:28][WARN ][PID:26902] PRACOWNIK1: Dziecko #4 bez opiekuna #3 - czeka
[01:20:28][WARN ][PID:26902] PRACOWNIK1: Dziecko #5 bez opiekuna #3 - czeka
[01:20:28][WARN ][PID:26902] PRACOWNIK1: Dziecko #4 bez opiekuna #3 - czeka
[01:20:28][WARN ][PID:26902] PRACOWNIK1: Dziecko #5 bez opiekuna #3 - czeka
[01:20:28][WARN ][PID:26902] PRACOWNIK1: Dziecko #4 bez opiekuna #3 - czeka
[01:20:28][WARN ][PID:26902] PRACOWNIK1: Dziecko #5 bez opiekuna #3 - czeka
[01:20:28][WARN ][PID:26902] PRACOWNIK1: Dziecko #4 bez opiekuna #3 - czeka
[01:20:28][WARN ][PID:26902] PRACOWNIK1: Dziecko #5 bez opiekuna #3 - czeka
[01:20:28][WARN ][PID:26902] PRACOWNIK1: Dziecko #4 bez opiekuna #3 - czeka
[01:20:28][WARN ][PID:26902] PRACOWNIK1: Dziecko #5 bez opiekuna #3 - czeka
[01:20:28][WARN ][PID:26902] PRACOWNIK1: Dziecko #4 bez opiekuna #3 - czeka
[01:20:28][WARN ][PID:26902] PRACOWNIK1: Dziecko #5 bez opiekuna #3 - czeka
[01:20:28][WARN ][PID:26902] PRACOWNIK1: Dziecko #4 bez opiekuna #3 - czeka
[01:20:28][WARN ][PID:26902] PRACOWNIK1: Dziecko #5 bez opiekuna #3 - czeka
[01:20:28][WARN ][PID:26902] PRACOWNIK1: Dziecko #4 bez opiekuna #3 - czeka
[01:20:28][WARN ][PID:26902] PRACOWNIK1: Dziecko #5 bez opiekuna #3 - czeka
[01:20:28][WARN ][PID:26902] PRACOWNIK1: Dziecko #4 bez opiekuna #3 - czeka
[01:20:28][WARN ][PID:26902] PRACOWNIK1: Dziecko #5 bez opiekuna #3 - czeka
[01:20:28][WARN ][PID:26902] PRACOWNIK1: Dziecko #4 bez opiekuna #3 - czeka
[01:20:28][WARN ][PID:26902] PRACOWNIK1: Dziecko #5 bez opiekuna #3 - czeka
[01:20:28][WARN ][PID:26902] PRACOWNIK1: Dziecko #4 bez opiekuna #3 - czeka
[01:20:28][WARN ][PID:26902] PRACOWNIK1: Dziecko #5 bez opiekuna #3 - czeka
[01:20:28][WARN ][PID:26902] PRACOWNIK1: Dziecko #4 bez opiekuna #3 - czeka
[01:20:28][WARN ][PID:26902] PRACOWNIK1: Dziecko #5 bez opiekuna #3 - czeka
[01:20:28][WARN ][PID:26902] PRACOWNIK1: Dziecko #4 bez opiekuna #3 - czeka
[01:20:28][WARN ][PID:26902] PRACOWNIK1: Dziecko #5 bez opiekuna #3 - czeka
[01:20:28][WARN ][PID:26902] PRACOWNIK1: Dziecko #4 bez opiekuna #3 - czeka
[01:20:28][WARN ][PID:26902] PRACOWNIK1: Dziecko #5 bez opiekuna #3 - czeka
[01:20:28][WARN ][PID:26902] PRACOWNIK1: Dziecko #4 bez opiekuna #3 - czeka
[01:20:28][WARN ][PID:26902] PRACOWNIK1: Dziecko #5 bez opiekuna #3 - czeka
[01:20:29][WARN ][PID:26902] PRACOWNIK1: Dziecko #4 bez opiekuna #3 - czeka
[01:20:29][WARN ][PID:26902] PRACOWNIK1: Dziecko #5 bez opiekuna #3 - czeka
[01:20:29][INFO ][PID:26902] PRACOWNIK1: Prośba od turysty #8 (wiek: 45, dziecko: NIE, opiekun: -1)
[01:20:29][WARN ][PID:26902] PRACOWNIK1: Dziecko #4 bez opiekuna #3 - czeka
[01:20:29][WARN ][PID:26902] PRACOWNIK1: Dziecko #5 bez opiekuna #3 - czeka
[01:20:29][INFO ][PID:26902] PRACOWNIK1: Wysyłam krzesełko #3 z 3 osobami
[01:20:29][WARN ][PID:26902] PRACOWNIK1: Dziecko #4 bez opiekuna #3 - czeka
[01:20:29][WARN ][PID:26902] PRACOWNIK1: Dziecko #5 bez opiekuna #3 - czeka
[01:20:29][WARN ][PID:26902] PRACOWNIK1: Dziecko #4 bez opiekuna #3 - czeka
[01:20:29][WARN ][PID:26902] PRACOWNIK1: Dziecko #5 bez opiekuna #3 - czeka
[01:20:29][WARN ][PID:26902] PRACOWNIK1: Dziecko #4 bez opiekuna #3 - czeka
[01:20:29][WARN ][PID:26902] PRACOWNIK1: Dziecko #5 bez opiekuna #3 - czeka
[01:20:29][WARN ][PID:26902] PRACOWNIK1: Dziecko #4 bez opiekuna #3 - czeka
[01:20:29][WARN ][PID:26902] PRACOWNIK1: Dziecko #5 bez opiekuna #3 - czeka
[01:20:29][WARN ][PID:26902] PRACOWNIK1: Dziecko #4 bez opiekuna #3 - czeka
[01:20:29][WARN ][PID:26902] PRACOWNIK1: Dziecko #5 bez opiekuna #3 - czeka
[01:20:29][WARN ][PID:26902] PRACOWNIK1: Dziecko #4 bez opiekuna #3 - czeka
[01:20:29][WARN ][PID:26902] PRACOWNIK1: Dziecko #5 bez opiekuna #3 - czeka
[01:20:29][WARN ][PID:26902] PRACOWNIK1: Dziecko #4 bez opiekuna #3 - czeka
[01:20:29][WARN ][PID:26902] PRACOWNIK1: Dziecko #5 bez opiekuna #3 - czeka
[01:20:29][WARN ][PID:26902] PRACOWNIK1: Dziecko #4 bez opiekuna #3 - czeka
[01:20:29][WARN ][PID:26902] PRACOWNIK1: Dziecko #5 bez opiekuna #3 - czeka
[01:20:29][WARN ][PID:26902] PRACOWNIK1: Dziecko #4 bez opiekuna #3 - czeka
[01:20:29][WARN ][PID:26902] PRACOWNIK1: Dziecko #5 bez opiekuna #3 - czeka
[01:20:29][WARN ][PID:26902] PRACOWNIK1: Dziecko #4 bez opiekuna #3 - czeka
[01:20:29][WARN ][PID:26902] PRACOWNIK1: Dziecko #5 bez opiekuna #3 - czeka
[01:20:29][WARN ][PID:26902] PRACOWNIK1: Dziecko #4 bez opiekuna #3 - czeka
[01:20:29][WARN ][PID:26902] PRACOWNIK1: Dziecko #5 bez opiekuna #3 - czeka
[01:20:29][WARN ][PID:26902] PRACOWNIK1: Dziecko #4 bez opiekuna #3 - czeka
[01:20:29][WARN ][PID:26902] PRACOWNIK1: Dziecko #5 bez opiekuna #3 - czeka
[01:20:29][WARN ][PID:26902] PRACOWNIK1: Dziecko #4 bez opiekuna #3 - czeka
[01:20:29][WARN ][PID:26902] PRACOWNIK1: Dziecko #5 bez opiekuna #3 - czeka
[01:20:29][WARN ][PID:26902] PRACOWNIK1: Dziecko #4 bez opiekuna #3 - czeka
[01:20:29][WARN ][PID:26902] PRACOWNIK1: Dziecko #5 bez opiekuna #3 - czeka
[01:20:29][WARN ][PID:26902] PRACOWNIK1: Dziecko #4 bez opiekuna #3 - czeka
[01:20:29][WARN ][PID:26902] PRACOWNIK1: Dziecko #5 bez opiekuna #3 - czeka
[01:20:29][WARN ][PID:26902] PRACOWNIK1: Dziecko #4 bez opiekuna #3 - czeka
[01:20:29][WARN ][PID:26902] PRACOWNIK1: Dziecko #5 bez opiekuna #3 - czeka
[01:20:29][WARN ][PID:26902] PRACOWNIK1: Dziecko #4 bez opiekuna #3 - czeka
[01:20:29][WARN ][PID:26902] PRACOWNIK1: Dziecko #5 bez opiekuna #3 - czeka
[01:20:29][WARN ][PID:26902] PRACOWNIK1: Dziecko #4 bez opiekuna #3 - czeka
[01:20:29][WARN ][PID:26902] PRACOWNIK1: Dziecko #5 bez opiekuna #3 - czeka
[01:20:30][INFO ][PID:26902] PRACOWNIK1: Prośba od turysty #9 (wiek: 58, dziecko: NIE, opiekun: -1)
[01:20:30][WARN ][PID:26902] PRACOWNIK1: Dziecko #4 bez opiekuna #3 - czeka
[01:20:30][WARN ][PID:26902] PRACOWNIK1: Dziecko #5 bez opiekuna #3 - czeka
[01:20:30][WARN ][PID:26902] PRACOWNIK1: Dziecko #4 bez opiekuna #3 - czeka
[01:20:30][WARN ][PID:26902] PRACOWNIK1: Dziecko #5 bez opiekuna #3 - czeka
[01:20:30][WARN ][PID:26902] PRACOWNIK1: Dziecko #4 bez opiekuna #3 - czeka
[01:20:30][WARN ][PID:26902] PRACOWNIK1: Dziecko #5 bez opiekuna #3 - czeka
[01:20:30][WARN ][PID:26902] PRACOWNIK1: Dziecko #4 bez opiekuna #3 - czeka
[01:20:30][WARN ][PID:26902] PRACOWNIK1: Dziecko #5 bez opiekuna #3 - czeka
[01:20:30][WARN ][PID:26902] PRACOWNIK1: Dziecko #4 bez opiekuna #3 - czeka
[01:20:30][WARN ][PID:26902] PRACOWNIK1: Dziecko #5 bez opiekuna #3 - czeka
[01:20:30][WARN ][PID:26902] PRACOWNIK1: Dziecko #4 bez opiekuna #3 - czeka
[01:20:30][WARN ][PID:26902] PRACOWNIK1: Dziecko #5 bez opiekuna #3 - czeka
[01:20:30][WARN ][PID:26902] PRACOWNIK1: Dziecko #4 bez opiekuna #3 - czeka
[01:20:30][WARN ][PID:26902] PRACOWNIK1: Dziecko #5 bez opiekuna #3 - czeka
[01:20:30][WARN ][PID:26902] PRACOWNIK1: Dziecko #4 bez opiekuna #3 - czeka
[01:20:30][WARN ][PID:26902] PRACOWNIK1: Dziecko #5 bez opiekuna #3 - czeka
[01:20:30][WARN ][PID:26902] PRACOWNIK1: Dziecko #4 bez opiekuna #3 - czeka
[01:20:30][WARN ][PID:26902] PRACOWNIK1: Dziecko #5 bez opiekuna #3 - czeka
[01:20:30][WARN ][PID:26902] PRACOWNIK1: Dziecko #4 bez opiekuna #3 - czeka
[01:20:30][WARN ][PID:26902] PRACOWNIK1: Dziecko #5 bez opiekuna #3 - czeka
[01:20:30][WARN ][PID:26902] PRACOWNIK1: Dziecko #4 bez opiekuna #3 - czeka
[01:20:30][WARN ][PID:26902] PRACOWNIK1: Dziecko #5 bez opiekuna #3 - czeka
[01:20:30][WARN ][PID:26902] PRACOWNIK1: Dziecko #4 bez opiekuna #3 - czeka
[01:20:30][WARN ][PID:26902] PRACOWNIK1: Dziecko #5 bez opiekuna #3 - czeka
[01:20:30][WARN ][PID:26902] PRACOWNIK1: Dziecko #4 bez opiekuna #3 - czeka
[01:20:30][WARN ][PID:26902] PRACOWNIK1: Dziecko #5 bez opiekuna #3 - czeka
[01:20:30][WARN ][PID:26902] PRACOWNIK1: Dziecko #4 bez opiekuna #3 - czeka
[01:20:30][WARN ][PID:26902] PRACOWNIK1: Dziecko #5 bez opiekuna #3 - czeka
[01:20:30][WARN ][PID:26902] PRACOWNIK1: Dziecko #4 bez opiekuna #3 - czeka
[01:20:30][WARN ][PID:26902] PRACOWNIK1: Dziecko #5 bez opiekuna #3 - czeka
[01:20:30][WARN ][PID:26902] PRACOWNIK1: Dziecko #4 bez opiekuna #3 - czeka
[01:20:30][WARN ][PID:26902] PRACOWNIK1: Dziecko #5 bez opiekuna #3 - czeka
[01:20:30][WARN ][PID:26902] PRACOWNIK1: Dziecko #4 bez opiekuna #3 - czeka
[01:20:30][WARN ][PID:26902] PRACOWNIK1: Dziecko #5 bez opiekuna #3 - czeka
[01:20:30][WARN ][PID:26902] PRACOWNIK1: Dziecko #4 bez opiekuna #3 - czeka
[01:20:30][WARN ][PID:26902] PRACOWNIK1: Dziecko #5 bez opiekuna #3 - czeka
[01:20:30][WARN ][PID:26902] PRACOWNIK1: Dziecko #4 bez opiekuna #3 - czeka
[01:20:30][WARN ][PID:26902] PRACOWNIK1: Dziecko #5 bez opiekuna #3 - czeka
[01:20:31][INFO ][PID:26902] PRACOWNIK1: Prośba od turysty #10 (wiek: 29, dziecko: NIE, opiekun: -1)
[01:20:31][WARN ][PID:26902] PRACOWNIK1: Dziecko #4 bez opiekuna #3 - czeka
[01:20:31][WARN ][PID:26902] PRACOWNIK1: Dziecko #5 bez opiekuna #3 - czeka
[01:20:31][WARN ][PID:26902] PRACOWNIK1: Dziecko #4 bez opiekuna #3 - czeka
[01:20:31][WARN ][PID:26902] PRACOWNIK1: Dziecko #5 bez opiekuna #3 - czeka
[01:20:31][WARN ][PID:26902] PRACOWNIK1: Dziecko #4 bez opiekuna #3 - czeka
[01:20:31][WARN ][PID:26902] PRACOWNIK1: Dziecko #5 bez opiekuna #3 - czeka
[01:20:31][WARN ][PID:26902] PRACOWNIK1: Dziecko #4 bez opiekuna #3 - czeka
[01:20:31][WARN ][PID:26902] PRACOWNIK1: Dziecko #5 bez opiekuna #3 - czeka
[01:20:31][WARN ][PID:26902] PRACOWNIK1: Dziecko #4 bez opiekuna #3 - czeka
[01:20:31][WARN ][PID:26902] PRACOWNIK1: Dziecko #5 bez opiekuna #3 - czeka
[01:20:31][WARN ][PID:26902] PRACOWNIK1: Dziecko #4 bez opiekuna #3 - czeka
[01:20:31][WARN ][PID:26902] PRACOWNIK1: Dziecko #5 bez opiekuna #3 - czeka
[01:20:31][WARN ][PID:26902] PRACOWNIK1: Dziecko #4 bez opiekuna #3 - czeka
[01:20:31][WARN ][PID:26902] PRACOWNIK1: Dziecko #5 bez opiekuna #3 - czeka
[01:20:31][WARN ][PID:26902] PRACOWNIK1: Dziecko #4 bez opiekuna #3 - czeka
[01:20:31][WARN ][PID:26902] PRACOWNIK1: Dziecko #5 bez opiekuna #3 - czeka
[01:20:31][WARN ][PID:26902] PRACOWNIK1: Dziecko #4 bez opiekuna #3 - czeka
[01:20:31][WARN ][PID:26902] PRACOWNIK1: Dziecko #5 bez opiekuna #3 - czeka
[01:20:31][WARN ][PID:26902] PRACOWNIK1: Dziecko #4 bez opiekuna #3 - czeka
[01:20:31][WARN ][PID:26902] PRACOWNIK1: Dziecko #5 bez opiekuna #3 - czeka
[01:20:31][WARN ][PID:26902] PRACOWNIK1: Dziecko #4 bez opiekuna #3 - czeka
[01:20:31][WARN ][PID:26902] PRACOWNIK1: Dziecko #5 bez opiekuna #3 - czeka
[01:20:31][WARN ][PID:26902] PRACOWNIK1: Dziecko #4 bez opiekuna #3 - czeka
[01:20:31][WARN ][PID:26902] PRACOWNIK1: Dziecko #5 bez opiekuna #3 - czeka
[01:20:31][WARN ][PID:26902] PRACOWNIK1: Dziecko #4 bez opiekuna #3 - czeka
[01:20:31][WARN ][PID:26902] PRACOWNIK1: Dziecko #5 bez opiekuna #3 - czeka
[01:20:31][WARN ][PID:26902] PRACOWNIK1: Dziecko #4 bez opiekuna #3 - czeka
[01:20:31][WARN ][PID:26902] PRACOWNIK1: Dziecko #5 bez opiekuna #3 - czeka
[01:20:31][WARN ][PID:26902] PRACOWNIK1: Dziecko #4 bez opiekuna #3 - czeka
[01:20:31][WARN ][PID:26902] PRACOWNIK1: Dziecko #5 bez opiekuna #3 - czeka
[01:20:31][WARN ][PID:26902] PRACOWNIK1: Dziecko #4 bez opiekuna #3 - czeka
[01:20:31][WARN ][PID:26902] PRACOWNIK1: Dziecko #5 bez opiekuna #3 - czeka
[01:20:31][WARN ][PID:26902] PRACOWNIK1: Dziecko #4 bez opiekuna #3 - czeka
[01:20:31][WARN ][PID:26902] PRACOWNIK1: Dziecko #5 bez opiekuna #3 - czeka
[01:20:31][WARN ][PID:26902] PRACOWNIK1: Dziecko #4 bez opiekuna #3 - czeka
[01:20:31][WARN ][PID:26902] PRACOWNIK1: Dziecko #5 bez opiekuna #3 - czeka
[01:20:31][WARN ][PID:26902] PRACOWNIK1: Dziecko #4 bez opiekuna #3 - czeka
[01:20:31][WARN ][PID:26902] PRACOWNIK1: Dziecko #5 bez opiekuna #3 - czeka
[01:20:32][WARN ][PID:26902] PRACOWNIK1: Dziecko #4 bez opiekuna #3 - czeka
[01:20:32][WARN ][PID:26902] PRACOWNIK1: Dziecko #5 bez opiekuna #3 - czeka
[01:20:32][WARN ][PID:26902] PRACOWNIK1: Dziecko #4 bez opiekuna #3 - czeka
[01:20:32][WARN ][PID:26902] PRACOWNIK1: Dziecko #5 bez opiekuna #3 - czeka
[01:20:32][INFO ][PID:26902] PRACOWNIK1: Prośba od turysty #11 (wiek: 56, dziecko: NIE, opiekun: -1)
[01:20:32][WARN ][PID:26902] PRACOWNIK1: Dziecko #4 bez opiekuna #3 - czeka
[01:20:32][WARN ][PID:26902] PRACOWNIK1: Dziecko #5 bez opiekuna #3 - czeka
[01:20:32][WARN ][PID:26902] PRACOWNIK1: Dziecko #4 bez opiekuna #3 - czeka
[01:20:32][WARN ][PID:26902] PRACOWNIK1: Dziecko #5 bez opiekuna #3 - czeka
[01:20:32][WARN ][PID:26902] PRACOWNIK1: Dziecko #4 bez opiekuna #3 - czeka
[01:20:32][WARN ][PID:26902] PRACOWNIK1: Dziecko #5 bez opiekuna #3 - czeka
[01:20:32][WARN ][PID:26902] PRACOWNIK1: Dziecko #4 bez opiekuna #3 - czeka
[01:20:32][WARN ][PID:26902] PRACOWNIK1: Dziecko #5 bez opiekuna #3 - czeka
[01:20:32][WARN ][PID:26902] PRACOWNIK1: Dziecko #4 bez opiekuna #3 - czeka
[01:20:32][WARN ][PID:26902] PRACOWNIK1: Dziecko #5 bez opiekuna #3 - czeka
[01:20:32][WARN ][PID:26902] PRACOWNIK1: Dziecko #4 bez opiekuna #3 - czeka
[01:20:32][WARN ][PID:26902] PRACOWNIK1: Dziecko #5 bez opiekuna #3 - czeka
[01:20:32][WARN ][PID:26902] PRACOWNIK1: Dziecko #4 bez opiekuna #3 - czeka
[01:20:32][WARN ][PID:26902] PRACOWNIK1: Dziecko #5 bez opiekuna #3 - czeka
[01:20:32][WARN ][PID:26902] PRACOWNIK1: Dziecko #4 bez opiekuna #3 - czeka
[01:20:32][WARN ][PID:26902] PRACOWNIK1: Dziecko #5 bez opiekuna #3 - czeka
[01:20:32][WARN ][PID:26902] PRACOWNIK1: Dziecko #4 bez opiekuna #3 - czeka
[01:20:32][WARN ][PID:26902] PRACOWNIK1: Dziecko #5 bez opiekuna #3 - czeka
[01:20:32][WARN ][PID:26902] PRACOWNIK1: Dziecko #4 bez opiekuna #3 - czeka
[01:20:32][WARN ][PID:26902] PRACOWNIK1: Dziecko #5 bez opiekuna #3 - czeka
[01:20:32][WARN ][PID:26902] PRACOWNIK1: Dziecko #4 bez opiekuna #3 - czeka
[01:20:32][WARN ][PID:26902] PRACOWNIK1: Dziecko #5 bez opiekuna #3 - czeka
[01:20:32][WARN ][PID:26902] PRACOWNIK1: Dziecko #4 bez opiekuna #3 - czeka
[01:20:32][WARN ][PID:26902] PRACOWNIK1: Dziecko #5 bez opiekuna #3 - czeka
[01:20:32][INFO ][PID:26902] PRACOWNIK1: Kończę pracę
