[19:40:07][INFO ][PID:  548] TURYSTA #41: Przychodzę (wiek: 63, pieszy, zwykły)
[19:40:07][INFO ][PID:  548] TURYSTA #41: Podchodzę do kasy
[19:40:07][INFO ][PID:  548] TURYSTA #41: Kupiłem bilet #40 (typ: 1)
[19:40:07][INFO ][PID:  548] TURYSTA #41: Czekam na miejsce na stacji
[19:40:07][INFO ][PID:  548] TURYSTA #41: Przeszedłem przez bramkę 0
[19:40:07][INFO ][PID:  548] TURYSTA #41: Czekam na pozwolenie wejścia na peron
[20:12:45][INFO ][PID:  704] TURYSTA #41: Przychodzę (wiek: 7, pieszy, zwykły)
[20:12:45][INFO ][PID:  704] TURYSTA #41: Podchodzę do kasy
[20:12:45][INFO ][PID:  704] TURYSTA #41: Kupiłem bilet #41 (typ: 1)
[20:12:45][INFO ][PID:  704] TURYSTA #41: Czekam na miejsce na stacji
[20:12:45][INFO ][PID:  704] TURYSTA #41: Przeszedłem przez bramkę 0
[20:12:45][INFO ][PID:  704] TURYSTA #41: Czekam na pozwolenie wejścia na peron
[20:12:46][INFO ][PID:  704] TURYSTA #41: Wchodzę na peron
[20:12:46][INFO ][PID:  704] TURYSTA #41: Czekam na krzesełko
[20:12:46][INFO ][PID:  704] TURYSTA #41: Wsiadłem na krzesełko #22
[20:12:48][INFO ][PID:  704] TURYSTA #41: Dojechałem na stację górną
[20:12:48][INFO ][PID:  704] TURYSTA #41: Wychodzę wyjściem 1
[20:12:48][INFO ][PID:  704] TURYSTA #41 (pieszy): Schodzę ze stacji górnej
[20:12:48][INFO ][PID:  704] TURYSTA #41: Bilet nieważny, kończę
[20:12:48][INFO ][PID:  704] TURYSTA #41: Kończę dzień z 1 zjazdami
