[15:24:39][INFO ][PID: 7260] TURYSTA #6: Przychodzę (wiek: 45, pieszy, zwykły)
[15:24:39][INFO ][PID: 7260] TURYSTA #6: Podchodzę do kasy
[15:24:39][INFO ][PID: 7260] TURYSTA #6: Kupiłem bilet #5 (typ: 2)
[15:24:39][INFO ][PID: 7260] TURYSTA #6: Czekam na miejsce na stacji
[15:24:39][INFO ][PID: 7260] TURYSTA #6: Przeszedłem przez bramkę 0
[15:24:39][INFO ][PID: 7260] TURYSTA #6: Czekam na pozwolenie wejścia na peron
[15:24:39][INFO ][PID: 7260] TURYSTA #6: Wchodzę na peron
[15:24:39][INFO ][PID: 7260] TURYSTA #6: Czekam na krzesełko
[15:24:39][INFO ][PID: 7260] TURYSTA #6: Wsiadłem na krzesełko #5
[15:24:41][INFO ][PID: 7260] TURYSTA #6: Dojechałem na stację górną
[15:24:41][INFO ][PID: 7260] TURYSTA #6: Wychodzę wyjściem 0
[15:24:41][INFO ][PID: 7260] TURYSTA #6 (pieszy): Schodzę ze stacji górnej
[15:24:41][INFO ][PID: 7260] TURYSTA #6: Czekam na miejsce na stacji
[15:24:41][INFO ][PID: 7260] TURYSTA #6: Przeszedłem przez bramkę 0
[15:24:41][INFO ][PID: 7260] TURYSTA #6: Czekam na pozwolenie wejścia na peron
[15:24:41][INFO ][PID: 7260] TURYSTA #6: Wchodzę na peron
[15:24:41][INFO ][PID: 7260] TURYSTA #6: Czekam na krzesełko
[15:24:41][INFO ][PID: 7260] TURYSTA #6: Wsiadłem na krzesełko #8
[15:24:43][INFO ][PID: 7260] TURYSTA #6: Dojechałem na stację górną
[15:24:43][INFO ][PID: 7260] TURYSTA #6: Wychodzę wyjściem 1
[15:24:43][INFO ][PID: 7260] TURYSTA #6 (pieszy): Schodzę ze stacji górnej
[15:24:43][INFO ][PID: 7260] TURYSTA #6: Wystarczy na dziś, wychodzę
[15:24:43][INFO ][PID: 7260] TURYSTA #6: Kończę dzień z 2 zjazdami
