[19:40:04][INFO ][PID:  543] TURYSTA #36: Przychodzę (wiek: 4, pieszy, zwykły)
[19:40:04][INFO ][PID:  543] TURYSTA #36: Podchodzę do kasy
[19:40:04][INFO ][PID:  543] TURYSTA #36: Kupiłem bilet #35 (typ: 3)
[19:40:04][INFO ][PID:  543] TURYSTA #36: Czekam na miejsce na stacji
[19:40:04][INFO ][PID:  543] TURYSTA #36: Przeszedłem przez bramkę 0
[19:40:04][INFO ][PID:  543] TURYSTA #36: Czekam na pozwolenie wejścia na peron
[19:40:05][INFO ][PID:  543] TURYSTA #36: Wchodzę na peron
[19:40:05][INFO ][PID:  543] TURYSTA #36: Czekam na krzesełko
[19:40:05][INFO ][PID:  543] TURYSTA #36: Wsiadłem na krzesełko #25
[19:40:07][INFO ][PID:  543] TURYSTA #36: Dojechałem na stację górną
[19:40:07][INFO ][PID:  543] TURYSTA #36: Wychodzę wyjściem 1
[19:40:07][INFO ][PID:  543] TURYSTA #36 (pieszy): Schodzę ze stacji górnej
[19:40:07][INFO ][PID:  543] TURYSTA #36: Czekam na miejsce na stacji
[19:40:07][INFO ][PID:  543] TURYSTA #36: Przeszedłem przez bramkę 0
[19:40:07][INFO ][PID:  543] TURYSTA #36: Czekam na pozwolenie wejścia na peron
[20:12:42][INFO ][PID:  699] TURYSTA #36: Przychodzę (wiek: 53, pieszy, zwykły)
[20:12:42][INFO ][PID:  699] TURYSTA #36: Podchodzę do kasy
[20:12:42][INFO ][PID:  699] TURYSTA #36: Kupiłem bilet #36 (typ: 2)
[20:12:42][INFO ][PID:  699] TURYSTA #36: Czekam na miejsce na stacji
[20:12:42][INFO ][PID:  699] TURYSTA #36: Przeszedłem przez bramkę 0
[20:12:42][INFO ][PID:  699] TURYSTA #36: Czekam na pozwolenie wejścia na peron
[20:12:43][INFO ][PID:  699] TURYSTA #36: Wchodzę na peron
[20:12:43][INFO ][PID:  699] TURYSTA #36: Czekam na krzesełko
[20:12:43][INFO ][PID:  699] TURYSTA #36: Wsiadłem na krzesełko #19
[20:12:45][INFO ][PID:  699] TURYSTA #36: Dojechałem na stację górną
[20:12:45][INFO ][PID:  699] TURYSTA #36: Wychodzę wyjściem 1
[20:12:45][INFO ][PID:  699] TURYSTA #36 (pieszy): Schodzę ze stacji górnej
[20:12:45][INFO ][PID:  699] TURYSTA #36: Czekam na miejsce na stacji
[20:12:45][INFO ][PID:  699] TURYSTA #36: Przeszedłem przez bramkę 0
[20:12:45][INFO ][PID:  699] TURYSTA #36: Czekam na pozwolenie wejścia na peron
[20:12:47][INFO ][PID:  699] TURYSTA #36: Wchodzę na peron
[20:12:47][INFO ][PID:  699] TURYSTA #36: Czekam na krzesełko
[20:12:47][INFO ][PID:  699] TURYSTA #36: Wsiadłem na krzesełko #23
[20:12:49][INFO ][PID:  699] TURYSTA #36: Dojechałem na stację górną
[20:12:49][INFO ][PID:  699] TURYSTA #36: Wychodzę wyjściem 0
[20:12:49][INFO ][PID:  699] TURYSTA #36 (pieszy): Schodzę ze stacji górnej
[20:12:49][INFO ][PID:  699] TURYSTA #36: Czekam na miejsce na stacji
[20:12:49][INFO ][PID:  699] TURYSTA #36: Przeszedłem przez bramkę 0
[20:12:49][INFO ][PID:  699] TURYSTA #36: Czekam na pozwolenie wejścia na peron
[20:12:50][INFO ][PID:  699] TURYSTA #36: Wchodzę na peron
[20:12:50][INFO ][PID:  699] TURYSTA #36: Czekam na krzesełko
[20:12:50][INFO ][PID:  699] TURYSTA #36: Wsiadłem na krzesełko #26
[20:12:52][INFO ][PID:  699] TURYSTA #36: Dojechałem na stację górną
[20:12:52][INFO ][PID:  699] TURYSTA #36: Wychodzę wyjściem 1
[20:12:52][INFO ][PID:  699] TURYSTA #36 (pieszy): Schodzę ze stacji górnej
[20:12:52][INFO ][PID:  699] TURYSTA #36: Czekam na miejsce na stacji
[20:12:52][INFO ][PID:  699] TURYSTA #36: Przeszedłem przez bramkę 0
[20:12:52][INFO ][PID:  699] TURYSTA #36: Czekam na pozwolenie wejścia na peron
[20:12:54][INFO ][PID:  699] TURYSTA #36: Wchodzę na peron
[20:12:54][INFO ][PID:  699] TURYSTA #36: Czekam na krzesełko
[20:12:54][INFO ][PID:  699] TURYSTA #36: Wsiadłem na krzesełko #30
[20:12:58][INFO ][PID:  699] TURYSTA #36: Dojechałem na stację górną
[20:12:58][INFO ][PID:  699] TURYSTA #36: Wychodzę wyjściem 1
[20:12:58][INFO ][PID:  699] TURYSTA #36 (pieszy): Schodzę ze stacji górnej
[20:12:58][INFO ][PID:  699] TURYSTA #36: Bilet nieważny, kończę
[20:12:58][INFO ][PID:  699] TURYSTA #36: Kończę dzień z 4 zjazdami
