[20:12:49][INFO ][PID:  711] TURYSTA #48: Przychodzę (wiek: 34, pieszy, zwykły)
[20:12:49][INFO ][PID:  711] TURYSTA #48: Podchodzę do kasy
[20:12:49][INFO ][PID:  711] TURYSTA #48: Kupiłem bilet #48 (typ: 3)
[20:12:49][INFO ][PID:  711] TURYSTA #48: Czekam na miejsce na stacji
[20:12:49][INFO ][PID:  711] TURYSTA #48: Przeszedłem przez bramkę 0
[20:12:49][INFO ][PID:  711] TURYSTA #48: Czekam na pozwolenie wejścia na peron
[20:12:50][INFO ][PID:  711] TURYSTA #48: Wchodzę na peron
[20:12:50][INFO ][PID:  711] TURYSTA #48: Czekam na krzesełko
[20:12:50][INFO ][PID:  711] TURYSTA #48: Wsiadłem na krzesełko #26
[20:12:52][INFO ][PID:  711] TURYSTA #48: Dojechałem na stację górną
[20:12:52][INFO ][PID:  711] TURYSTA #48: Wychodzę wyjściem 0
[20:12:52][INFO ][PID:  711] TURYSTA #48 (pieszy): Schodzę ze stacji górnej
[20:12:52][INFO ][PID:  711] TURYSTA #48: Czekam na miejsce na stacji
[20:12:52][INFO ][PID:  711] TURYSTA #48: Przeszedłem przez bramkę 0
[20:12:52][INFO ][PID:  711] TURYSTA #48: Czekam na pozwolenie wejścia na peron
[20:12:54][INFO ][PID:  711] TURYSTA #48: Wchodzę na peron
[20:12:54][INFO ][PID:  711] TURYSTA #48: Czekam na krzesełko
[20:12:54][INFO ][PID:  711] TURYSTA #48: Wsiadłem na krzesełko #30
[20:12:58][INFO ][PID:  711] TURYSTA #48: Dojechałem na stację górną
[20:12:58][INFO ][PID:  711] TURYSTA #48: Wychodzę wyjściem 1
[20:12:58][INFO ][PID:  711] TURYSTA #48 (pieszy): Schodzę ze stacji górnej
[20:12:58][INFO ][PID:  711] TURYSTA #48: Czekam na miejsce na stacji
[20:12:58][INFO ][PID:  711] TURYSTA #48: Przeszedłem przez bramkę 0
[20:12:58][INFO ][PID:  711] TURYSTA #48: Czekam na pozwolenie wejścia na peron
[20:13:03][INFO ][PID:  711] TURYSTA #48: Wchodzę na peron
[20:13:03][INFO ][PID:  711] TURYSTA #48: Czekam na krzesełko
[20:13:03][INFO ][PID:  711] TURYSTA #48: Wsiadłem na krzesełko #34
[20:13:05][INFO ][PID:  711] TURYSTA #48: Dojechałem na stację górną
[20:13:05][INFO ][PID:  711] TURYSTA #48: Wychodzę wyjściem 0
[20:13:05][INFO ][PID:  711] TURYSTA #48 (pieszy): Schodzę ze stacji górnej
[20:13:05][INFO ][PID:  711] TURYSTA #48: Wystarczy na dziś, wychodzę
[20:13:05][INFO ][PID:  711] TURYSTA #48: Kończę dzień z 3 zjazdami
