[15:24:41][INFO ][PID: 7262] TURYSTA #8: Przychodzę (wiek: 28, rowerzysta, zwykły)
[15:24:41][INFO ][PID: 7262] TURYSTA #8: Podchodzę do kasy
[15:24:41][INFO ][PID: 7262] TURYSTA #8: Kupiłem bilet #7 (typ: 5)
[15:24:41][INFO ][PID: 7262] TURYSTA #8: Czekam na miejsce na stacji
[15:24:41][INFO ][PID: 7262] TURYSTA #8: Przeszedłem przez bramkę 0
[15:24:41][INFO ][PID: 7262] TURYSTA #8: Czekam na pozwolenie wejścia na peron
[15:24:41][INFO ][PID: 7262] TURYSTA #8: Wchodzę na peron
[15:24:41][INFO ][PID: 7262] TURYSTA #8: Czekam na krzesełko
[15:24:41][INFO ][PID: 7262] TURYSTA #8: Wsiadłem na krzesełko #7
[15:24:43][INFO ][PID: 7262] TURYSTA #8: Dojechałem na stację górną
[15:24:43][INFO ][PID: 7262] TURYSTA #8: Wychodzę wyjściem 1
[15:24:43][INFO ][PID: 7262] TURYSTA #8 (rowerzysta): Wybieram trasę T3 (trudna) (czas: 8s)
[15:24:55][INFO ][PID: 7262] TURYSTA #8: Ukończyłem zjazd #1
[15:24:55][INFO ][PID: 7262] TURYSTA #8: Czekam na miejsce na stacji
[15:24:55][INFO ][PID: 7262] TURYSTA #8: Przeszedłem przez bramkę 0
[15:24:55][INFO ][PID: 7262] TURYSTA #8: Czekam na pozwolenie wejścia na peron
[15:24:55][INFO ][PID: 7262] TURYSTA #8: Wchodzę na peron
[15:24:55][INFO ][PID: 7262] TURYSTA #8: Czekam na krzesełko
[15:24:55][INFO ][PID: 7262] TURYSTA #8: Wsiadłem na krzesełko #25
[15:24:57][INFO ][PID: 7262] TURYSTA #8: Dojechałem na stację górną
[15:24:57][INFO ][PID: 7262] TURYSTA #8: Wychodzę wyjściem 0
[15:24:57][INFO ][PID: 7262] TURYSTA #8 (rowerzysta): Wybieram trasę T3 (trudna) (czas: 8s)
[15:25:05][INFO ][PID: 7262] TURYSTA #8: Ukończyłem zjazd #2
[15:25:05][INFO ][PID: 7262] TURYSTA #8: Czekam na miejsce na stacji
[15:25:05][INFO ][PID: 7262] TURYSTA #8: Przeszedłem przez bramkę 0
[15:25:05][INFO ][PID: 7262] TURYSTA #8: Czekam na pozwolenie wejścia na peron
[15:25:05][INFO ][PID: 7262] TURYSTA #8: Wchodzę na peron
[15:25:05][INFO ][PID: 7262] TURYSTA #8: Czekam na krzesełko
[15:25:05][INFO ][PID: 7262] TURYSTA #8: Wsiadłem na krzesełko #21
[15:25:07][INFO ][PID: 7262] TURYSTA #8: Dojechałem na stację górną
[15:25:07][INFO ][PID: 7262] TURYSTA #8: Wychodzę wyjściem 0
[15:25:07][INFO ][PID: 7262] TURYSTA #8 (rowerzysta): Wybieram trasę T3 (trudna) (czas: 8s)
[15:25:15][INFO ][PID: 7262] TURYSTA #8: Ukończyłem zjazd #3
[15:25:15][INFO ][PID: 7262] TURYSTA #8: Wystarczy na dziś, wychodzę
[15:25:15][INFO ][PID: 7262] TURYSTA #8: Kończę dzień z 3 zjazdami
