[15:25:29][INFO ][PID: 7344] TURYSTA #66: Przychodzę (wiek: 6, pieszy, zwykły)
[15:25:29][INFO ][PID: 7344] TURYSTA #66: Podchodzę do kasy
[15:25:29][INFO ][PID: 7344] TURYSTA #66: Kupiłem bilet #65 (typ: 4)
[15:25:29][INFO ][PID: 7344] TURYSTA #66: Czekam na miejsce na stacji
[15:25:29][INFO ][PID: 7344] TURYSTA #66: Przeszedłem przez bramkę 0
[15:25:29][INFO ][PID: 7344] TURYSTA #66: Czekam na pozwolenie wejścia na peron
[15:25:29][INFO ][PID: 7344] TURYSTA #66: Wchodzę na peron
[15:25:29][INFO ][PID: 7344] TURYSTA #66: Czekam na krzesełko
[15:25:29][INFO ][PID: 7344] TURYSTA #66: Wsiadłem na krzesełko #6
[15:25:31][INFO ][PID: 7344] TURYSTA #66: Dojechałem na stację górną
[15:25:31][INFO ][PID: 7344] TURYSTA #66: Wychodzę wyjściem 0
[15:25:31][INFO ][PID: 7344] TURYSTA #66 (pieszy): Schodzę ze stacji górnej
[15:25:31][INFO ][PID: 7344] TURYSTA #66: Czekam na miejsce na stacji
[15:25:31][INFO ][PID: 7344] TURYSTA #66: Przeszedłem przez bramkę 0
[15:25:31][INFO ][PID: 7344] TURYSTA #66: Czekam na pozwolenie wejścia na peron
[15:25:31][INFO ][PID: 7344] TURYSTA #66: Wchodzę na peron
[15:25:31][INFO ][PID: 7344] TURYSTA #66: Czekam na krzesełko
[15:25:31][INFO ][PID: 7344] TURYSTA #66: Wsiadłem na krzesełko #12
[15:25:33][INFO ][PID: 7344] TURYSTA #66: Dojechałem na stację górną
[15:25:33][INFO ][PID: 7344] TURYSTA #66: Wychodzę wyjściem 1
[15:25:33][INFO ][PID: 7344] TURYSTA #66 (pieszy): Schodzę ze stacji górnej
[15:25:33][INFO ][PID: 7344] TURYSTA #66: Czekam na miejsce na stacji
[15:25:33][INFO ][PID: 7344] TURYSTA #66: Przeszedłem przez bramkę 0
[15:25:33][INFO ][PID: 7344] TURYSTA #66: Czekam na pozwolenie wejścia na peron
[15:25:33][INFO ][PID: 7344] TURYSTA #66: Wchodzę na peron
[15:25:33][INFO ][PID: 7344] TURYSTA #66: Czekam na krzesełko
[15:25:34][INFO ][PID: 7344] TURYSTA #66: Wsiadłem na krzesełko #19
[15:25:35][INFO ][PID: 7344] TURYSTA #66: Kończę dzień z 2 zjazdami
