[16:12:19][INFO ][PID: 8195] TURYSTA #42: Przychodzę (wiek: 47, pieszy, zwykły)
[16:12:19][INFO ][PID: 8195] TURYSTA #42: Podchodzę do kasy
[16:12:19][INFO ][PID: 8195] TURYSTA #42: Kupiłem bilet #42 (typ: 3)
[16:12:19][INFO ][PID: 8195] TURYSTA #42: Czekam na miejsce na stacji
[16:12:19][INFO ][PID: 8195] TURYSTA #42: Przeszedłem przez bramkę 0
[16:12:19][INFO ][PID: 8195] TURYSTA #42: Czekam na pozwolenie wejścia na peron
[16:12:19][INFO ][PID: 8195] TURYSTA #42: Wchodzę na peron
[16:12:19][INFO ][PID: 8195] TURYSTA #42: Czekam na krzesełko
[16:12:19][INFO ][PID: 8195] TURYSTA #42: Wsiadłem na krzesełko #10
[16:12:21][INFO ][PID: 8195] TURYSTA #42: Dojechałem na stację górną
[16:12:21][INFO ][PID: 8195] TURYSTA #42: Wychodzę wyjściem 0
[16:12:21][INFO ][PID: 8195] TURYSTA #42 (pieszy): Schodzę ze stacji górnej
[16:12:21][INFO ][PID: 8195] TURYSTA #42: Czekam na miejsce na stacji
[16:12:21][INFO ][PID: 8195] TURYSTA #42: Przeszedłem przez bramkę 0
[16:12:21][INFO ][PID: 8195] TURYSTA #42: Czekam na pozwolenie wejścia na peron
[16:12:22][INFO ][PID: 8195] TURYSTA #42: Wchodzę na peron
[16:12:22][INFO ][PID: 8195] TURYSTA #42: Czekam na krzesełko
[16:12:22][INFO ][PID: 8195] TURYSTA #42: Wsiadłem na krzesełko #23
[16:12:24][INFO ][PID: 8195] TURYSTA #42: Dojechałem na stację górną
[16:12:24][INFO ][PID: 8195] TURYSTA #42: Wychodzę wyjściem 0
[16:12:24][INFO ][PID: 8195] TURYSTA #42 (pieszy): Schodzę ze stacji górnej
[16:12:24][INFO ][PID: 8195] TURYSTA #42: Wystarczy na dziś, wychodzę
[16:12:24][INFO ][PID: 8195] TURYSTA #42: Kończę dzień z 2 zjazdami
