[16:12:15][INFO ][PID: 8191] TURYSTA #38: Przychodzę (wiek: 21, pieszy, zwykły)
[16:12:15][INFO ][PID: 8191] TURYSTA #38: Podchodzę do kasy
[16:12:15][INFO ][PID: 8191] TURYSTA #38: Kupiłem bilet #38 (typ: 5)
[16:12:15][INFO ][PID: 8191] TURYSTA #38: Czekam na miejsce na stacji
[16:12:15][INFO ][PID: 8191] TURYSTA #38: Przeszedłem przez bramkę 0
[16:12:15][INFO ][PID: 8191] TURYSTA #38: Czekam na pozwolenie wejścia na peron
[16:12:15][INFO ][PID: 8191] TURYSTA #38: Wchodzę na peron
[16:12:15][INFO ][PID: 8191] TURYSTA #38: Czekam na krzesełko
[16:12:15][INFO ][PID: 8191] TURYSTA #38: Wsiadłem na krzesełko #31
[16:12:17][INFO ][PID: 8191] TURYSTA #38: Dojechałem na stację górną
[16:12:17][INFO ][PID: 8191] TURYSTA #38: Wychodzę wyjściem 0
[16:12:17][INFO ][PID: 8191] TURYSTA #38 (pieszy): Schodzę ze stacji górnej
[16:12:17][INFO ][PID: 8191] TURYSTA #38: Czekam na miejsce na stacji
[16:12:17][INFO ][PID: 8191] TURYSTA #38: Przeszedłem przez bramkę 0
[16:12:17][INFO ][PID: 8191] TURYSTA #38: Czekam na pozwolenie wejścia na peron
[16:12:18][INFO ][PID: 8191] TURYSTA #38: Wchodzę na peron
[16:12:18][INFO ][PID: 8191] TURYSTA #38: Czekam na krzesełko
[16:12:18][INFO ][PID: 8191] TURYSTA #38: Wsiadłem na krzesełko #6
[16:12:20][INFO ][PID: 8191] TURYSTA #38: Dojechałem na stację górną
[16:12:20][INFO ][PID: 8191] TURYSTA #38: Wychodzę wyjściem 0
[16:12:20][INFO ][PID: 8191] TURYSTA #38 (pieszy): Schodzę ze stacji górnej
[16:12:20][INFO ][PID: 8191] TURYSTA #38: Czekam na miejsce na stacji
[16:12:20][INFO ][PID: 8191] TURYSTA #38: Przeszedłem przez bramkę 0
[16:12:20][INFO ][PID: 8191] TURYSTA #38: Czekam na pozwolenie wejścia na peron
[16:12:20][INFO ][PID: 8191] TURYSTA #38: Wchodzę na peron
[16:12:20][INFO ][PID: 8191] TURYSTA #38: Czekam na krzesełko
[16:12:21][INFO ][PID: 8191] TURYSTA #38: Wsiadłem na krzesełko #17
[16:12:23][INFO ][PID: 8191] TURYSTA #38: Dojechałem na stację górną
[16:12:23][INFO ][PID: 8191] TURYSTA #38: Wychodzę wyjściem 0
[16:12:23][INFO ][PID: 8191] TURYSTA #38 (pieszy): Schodzę ze stacji górnej
[16:12:23][INFO ][PID: 8191] TURYSTA #38: Czekam na miejsce na stacji
[16:12:23][INFO ][PID: 8191] TURYSTA #38: Przeszedłem przez bramkę 0
[16:12:23][INFO ][PID: 8191] TURYSTA #38: Czekam na pozwolenie wejścia na peron
[16:12:24][INFO ][PID: 8191] TURYSTA #38: Wchodzę na peron
[16:12:24][INFO ][PID: 8191] TURYSTA #38: Czekam na krzesełko
[16:12:24][INFO ][PID: 8191] TURYSTA #38: Wsiadłem na krzesełko #31
[16:12:26][INFO ][PID: 8191] TURYSTA #38: Dojechałem na stację górną
[16:12:26][INFO ][PID: 8191] TURYSTA #38: Wychodzę wyjściem 0
[16:12:26][INFO ][PID: 8191] TURYSTA #38 (pieszy): Schodzę ze stacji górnej
[16:12:26][INFO ][PID: 8191] TURYSTA #38: Czekam na miejsce na stacji
[16:12:26][INFO ][PID: 8191] TURYSTA #38: Przeszedłem przez bramkę 0
[16:12:26][INFO ][PID: 8191] TURYSTA #38: Czekam na pozwolenie wejścia na peron
[16:12:27][INFO ][PID: 8191] TURYSTA #38: Wchodzę na peron
[16:12:27][INFO ][PID: 8191] TURYSTA #38: Czekam na krzesełko
[16:12:27][INFO ][PID: 8191] TURYSTA #38: Wsiadłem na krzesełko #6
[16:12:29][INFO ][PID: 8191] TURYSTA #38: Dojechałem na stację górną
[16:12:29][INFO ][PID: 8191] TURYSTA #38: Wychodzę wyjściem 1
[16:12:29][INFO ][PID: 8191] TURYSTA #38 (pieszy): Schodzę ze stacji górnej
[16:12:29][INFO ][PID: 8191] TURYSTA #38: Czekam na miejsce na stacji
[16:12:29][INFO ][PID: 8191] TURYSTA #38: Przeszedłem przez bramkę 0
[16:12:29][INFO ][PID: 8191] TURYSTA #38: Czekam na pozwolenie wejścia na peron
[16:12:29][INFO ][PID: 8191] TURYSTA #38: Wchodzę na peron
[16:12:29][INFO ][PID: 8191] TURYSTA #38: Czekam na krzesełko
[16:12:30][INFO ][PID: 8191] TURYSTA #38: Wsiadłem na krzesełko #15
[16:12:32][INFO ][PID: 8191] TURYSTA #38: Dojechałem na stację górną
[16:12:32][INFO ][PID: 8191] TURYSTA #38: Wychodzę wyjściem 0
[16:12:32][INFO ][PID: 8191] TURYSTA #38 (pieszy): Schodzę ze stacji górnej
[16:12:32][INFO ][PID: 8191] TURYSTA #38: Czekam na miejsce na stacji
[16:12:32][INFO ][PID: 8191] TURYSTA #38: Przeszedłem przez bramkę 0
[16:12:32][INFO ][PID: 8191] TURYSTA #38: Czekam na pozwolenie wejścia na peron
[16:12:32][INFO ][PID: 8191] TURYSTA #38: Wchodzę na peron
[16:12:32][INFO ][PID: 8191] TURYSTA #38: Czekam na krzesełko
[16:12:32][INFO ][PID: 8191] TURYSTA #38: Wsiadłem na krzesełko #21
[16:12:34][INFO ][PID: 8191] TURYSTA #38: Dojechałem na stację górną
[16:12:34][INFO ][PID: 8191] TURYSTA #38: Wychodzę wyjściem 0
[16:12:34][INFO ][PID: 8191] TURYSTA #38 (pieszy): Schodzę ze stacji górnej
[16:12:34][INFO ][PID: 8191] TURYSTA #38: Czekam na miejsce na stacji
[16:12:34][INFO ][PID: 8191] TURYSTA #38: Przeszedłem przez bramkę 0
[16:12:34][INFO ][PID: 8191] TURYSTA #38: Czekam na pozwolenie wejścia na peron
[16:12:38][INFO ][PID: 8191] TURYSTA #38: Wchodzę na peron
[16:12:38][INFO ][PID: 8191] TURYSTA #38: Czekam na krzesełko
[16:12:38][INFO ][PID: 8191] TURYSTA #38: Wsiadłem na krzesełko #29
[16:12:40][INFO ][PID: 8191] TURYSTA #38: Dojechałem na stację górną
[16:12:40][INFO ][PID: 8191] TURYSTA #38: Wychodzę wyjściem 1
[16:12:40][INFO ][PID: 8191] TURYSTA #38 (pieszy): Schodzę ze stacji górnej
[16:12:40][INFO ][PID: 8191] TURYSTA #38: Wystarczy na dziś, wychodzę
[16:12:40][INFO ][PID: 8191] TURYSTA #38: Kończę dzień z 8 zjazdami
