[15:24:59][INFO ][PID: 7294] TURYSTA #26: Przychodzę (wiek: 22, pieszy, zwykły)
[15:24:59][INFO ][PID: 7294] TURYSTA #26: Podchodzę do kasy
[15:24:59][INFO ][PID: 7294] TURYSTA #26: Kupiłem bilet #25 (typ: 5)
[15:24:59][INFO ][PID: 7294] TURYSTA #26: Czekam na miejsce na stacji
[15:24:59][INFO ][PID: 7294] TURYSTA #26: Przeszedłem przez bramkę 0
[15:24:59][INFO ][PID: 7294] TURYSTA #26: Czekam na pozwolenie wejścia na peron
[15:24:59][INFO ][PID: 7294] TURYSTA #26: Wchodzę na peron
[15:24:59][INFO ][PID: 7294] TURYSTA #26: Czekam na krzesełko
[15:24:59][INFO ][PID: 7294] TURYSTA #26: Wsiadłem na krzesełko #35
[15:25:01][INFO ][PID: 7294] TURYSTA #26: Dojechałem na stację górną
[15:25:01][INFO ][PID: 7294] TURYSTA #26: Wychodzę wyjściem 0
[15:25:01][INFO ][PID: 7294] TURYSTA #26 (pieszy): Schodzę ze stacji górnej
[15:25:01][INFO ][PID: 7294] TURYSTA #26: Czekam na miejsce na stacji
[15:25:01][INFO ][PID: 7294] TURYSTA #26: Przeszedłem przez bramkę 0
[15:25:01][INFO ][PID: 7294] TURYSTA #26: Czekam na pozwolenie wejścia na peron
[15:25:01][INFO ][PID: 7294] TURYSTA #26: Wchodzę na peron
[15:25:01][INFO ][PID: 7294] TURYSTA #26: Czekam na krzesełko
[15:25:02][INFO ][PID: 7294] TURYSTA #26: Wsiadłem na krzesełko #9
[15:25:04][INFO ][PID: 7294] TURYSTA #26: Dojechałem na stację górną
[15:25:04][INFO ][PID: 7294] TURYSTA #26: Wychodzę wyjściem 0
[15:25:04][INFO ][PID: 7294] TURYSTA #26 (pieszy): Schodzę ze stacji górnej
[15:25:04][INFO ][PID: 7294] TURYSTA #26: Czekam na miejsce na stacji
[15:25:04][INFO ][PID: 7294] TURYSTA #26: Przeszedłem przez bramkę 0
[15:25:04][INFO ][PID: 7294] TURYSTA #26: Czekam na pozwolenie wejścia na peron
[15:25:04][INFO ][PID: 7294] TURYSTA #26: Wchodzę na peron
[15:25:04][INFO ][PID: 7294] TURYSTA #26: Czekam na krzesełko
[15:25:04][INFO ][PID: 7294] TURYSTA #26: Wsiadłem na krzesełko #16
[15:25:06][INFO ][PID: 7294] TURYSTA #26: Dojechałem na stację górną
[15:25:06][INFO ][PID: 7294] TURYSTA #26: Wychodzę wyjściem 1
[15:25:06][INFO ][PID: 7294] TURYSTA #26 (pieszy): Schodzę ze stacji górnej
[15:25:06][INFO ][PID: 7294] TURYSTA #26: Wystarczy na dziś, wychodzę
[15:25:06][INFO ][PID: 7294] TURYSTA #26: Kończę dzień z 3 zjazdami
