[19:40:01][INFO ][PID:  539] TURYSTA #32: Przychodzę (wiek: 34, pieszy, zwykły)
[19:40:01][INFO ][PID:  539] TURYSTA #32: Podchodzę do kasy
[19:40:01][INFO ][PID:  539] TURYSTA #32: Kupiłem bilet #31 (typ: 4)
[19:40:01][INFO ][PID:  539] TURYSTA #32: Czekam na miejsce na stacji
[19:40:01][INFO ][PID:  539] TURYSTA #32: Przeszedłem przez bramkę 0
[19:40:01][INFO ][PID:  539] TURYSTA #32: Czekam na pozwolenie wejścia na peron
[19:40:03][INFO ][PID:  539] TURYSTA #32: Wchodzę na peron
[19:40:03][INFO ][PID:  539] TURYSTA #32: Czekam na krzesełko
[19:40:03][INFO ][PID:  539] TURYSTA #32: Wsiadłem na krzesełko #24
[19:40:05][INFO ][PID:  539] TURYSTA #32: Dojechałem na stację górną
[19:40:05][INFO ][PID:  539] TURYSTA #32: Wychodzę wyjściem 0
[19:40:05][INFO ][PID:  539] TURYSTA #32 (pieszy): Schodzę ze stacji górnej
[19:40:05][INFO ][PID:  539] TURYSTA #32: Czekam na miejsce na stacji
[19:40:05][INFO ][PID:  539] TURYSTA #32: Przeszedłem przez bramkę 0
[19:40:05][INFO ][PID:  539] TURYSTA #32: Czekam na pozwolenie wejścia na peron
[19:40:06][INFO ][PID:  539] TURYSTA #32: Wchodzę na peron
[19:40:06][INFO ][PID:  539] TURYSTA #32: Czekam na krzesełko
[19:40:06][INFO ][PID:  539] TURYSTA #32: Wsiadłem na krzesełko #26
[19:40:08][INFO ][PID:  539] TURYSTA #32: Kończę dzień z 1 zjazdami
[20:12:38][INFO ][PID:  695] TURYSTA #32: Przychodzę (wiek: 65, rowerzysta, zwykły)
[20:12:38][INFO ][PID:  695] TURYSTA #32: Podchodzę do kasy
[20:12:38][INFO ][PID:  695] TURYSTA #32: Kupiłem bilet #32 (typ: 4)
[20:12:38][INFO ][PID:  695] TURYSTA #32: Czekam na miejsce na stacji
[20:12:38][INFO ][PID:  695] TURYSTA #32: Przeszedłem przez bramkę 0
[20:12:38][INFO ][PID:  695] TURYSTA #32: Czekam na pozwolenie wejścia na peron
[20:12:41][INFO ][PID:  695] TURYSTA #32: Wchodzę na peron
[20:12:41][INFO ][PID:  695] TURYSTA #32: Czekam na krzesełko
[20:12:41][INFO ][PID:  695] TURYSTA #32: Wsiadłem na krzesełko #16
[20:12:43][INFO ][PID:  695] TURYSTA #32: Dojechałem na stację górną
[20:12:43][INFO ][PID:  695] TURYSTA #32: Wychodzę wyjściem 0
[20:12:43][INFO ][PID:  695] TURYSTA #32 (rowerzysta): Wybieram trasę T2 (średnia) (czas: 5s)
[20:12:48][INFO ][PID:  695] TURYSTA #32: Ukończyłem zjazd #1
[20:12:48][INFO ][PID:  695] TURYSTA #32: Czekam na miejsce na stacji
[20:12:48][INFO ][PID:  695] TURYSTA #32: Przeszedłem przez bramkę 0
[20:12:48][INFO ][PID:  695] TURYSTA #32: Czekam na pozwolenie wejścia na peron
[20:12:50][INFO ][PID:  695] TURYSTA #32: Wchodzę na peron
[20:12:50][INFO ][PID:  695] TURYSTA #32: Czekam na krzesełko
[20:12:50][INFO ][PID:  695] TURYSTA #32: Wsiadłem na krzesełko #26
[20:12:52][INFO ][PID:  695] TURYSTA #32: Dojechałem na stację górną
[20:12:52][INFO ][PID:  695] TURYSTA #32: Wychodzę wyjściem 1
[20:12:52][INFO ][PID:  695] TURYSTA #32 (rowerzysta): Wybieram trasę T2 (średnia) (czas: 5s)
[20:12:59][INFO ][PID:  695] TURYSTA #32: Ukończyłem zjazd #2
[20:12:59][INFO ][PID:  695] TURYSTA #32: Czekam na miejsce na stacji
[20:12:59][INFO ][PID:  695] TURYSTA #32: Przeszedłem przez bramkę 0
[20:12:59][INFO ][PID:  695] TURYSTA #32: Czekam na pozwolenie wejścia na peron
[20:13:05][INFO ][PID:  695] TURYSTA #32: Wchodzę na peron
[20:13:05][INFO ][PID:  695] TURYSTA #32: Czekam na krzesełko
[20:13:05][INFO ][PID:  695] TURYSTA #32: Wsiadłem na krzesełko #35
[20:13:07][INFO ][PID:  695] TURYSTA #32: Dojechałem na stację górną
[20:13:07][INFO ][PID:  695] TURYSTA #32: Wychodzę wyjściem 0
[20:13:07][INFO ][PID:  695] TURYSTA #32 (rowerzysta): Wybieram trasę T2 (średnia) (czas: 5s)
[20:13:12][INFO ][PID:  695] TURYSTA #32: Ukończyłem zjazd #3
[20:13:12][INFO ][PID:  695] TURYSTA #32: Czekam na miejsce na stacji
[20:13:12][INFO ][PID:  695] TURYSTA #32: Przeszedłem przez bramkę 0
[20:13:12][INFO ][PID:  695] TURYSTA #32: Czekam na pozwolenie wejścia na peron
