[16:12:11][INFO ][PID: 8183] TURYSTA #30: Przychodzę (wiek: 32, pieszy, zwykły)
[16:12:11][INFO ][PID: 8183] TURYSTA #30: Podchodzę do kasy
[16:12:11][INFO ][PID: 8183] TURYSTA #30: Kupiłem bilet #30 (typ: 5)
[16:12:11][INFO ][PID: 8183] TURYSTA #30: Czekam na miejsce na stacji
[16:12:11][INFO ][PID: 8183] TURYSTA #30: Przeszedłem przez bramkę 0
[16:12:11][INFO ][PID: 8183] TURYSTA #30: Czekam na pozwolenie wejścia na peron
[16:12:11][INFO ][PID: 8183] TURYSTA #30: Wchodzę na peron
[16:12:11][INFO ][PID: 8183] TURYSTA #30: Czekam na krzesełko
[16:12:11][INFO ][PID: 8183] TURYSTA #30: Wsiadłem na krzesełko #14
[16:12:13][INFO ][PID: 8183] TURYSTA #30: Dojechałem na stację górną
[16:12:13][INFO ][PID: 8183] TURYSTA #30: Wychodzę wyjściem 1
[16:12:13][INFO ][PID: 8183] TURYSTA #30 (pieszy): Schodzę ze stacji górnej
[16:12:13][INFO ][PID: 8183] TURYSTA #30: Czekam na miejsce na stacji
[16:12:13][INFO ][PID: 8183] TURYSTA #30: Przeszedłem przez bramkę 0
[16:12:13][INFO ][PID: 8183] TURYSTA #30: Czekam na pozwolenie wejścia na peron
[16:12:13][INFO ][PID: 8183] TURYSTA #30: Wchodzę na peron
[16:12:13][INFO ][PID: 8183] TURYSTA #30: Czekam na krzesełko
[16:12:14][INFO ][PID: 8183] TURYSTA #30: Wsiadłem na krzesełko #25
[16:12:16][INFO ][PID: 8183] TURYSTA #30: Dojechałem na stację górną
[16:12:16][INFO ][PID: 8183] TURYSTA #30: Wychodzę wyjściem 1
[16:12:16][INFO ][PID: 8183] TURYSTA #30 (pieszy): Schodzę ze stacji górnej
[16:12:16][INFO ][PID: 8183] TURYSTA #30: Czekam na miejsce na stacji
[16:12:16][INFO ][PID: 8183] TURYSTA #30: Przeszedłem przez bramkę 0
[16:12:16][INFO ][PID: 8183] TURYSTA #30: Czekam na pozwolenie wejścia na peron
[16:12:16][INFO ][PID: 8183] TURYSTA #30: Wchodzę na peron
[16:12:16][INFO ][PID: 8183] TURYSTA #30: Czekam na krzesełko
[16:12:16][INFO ][PID: 8183] TURYSTA #30: Wsiadłem na krzesełko #0
[16:12:18][INFO ][PID: 8183] TURYSTA #30: Dojechałem na stację górną
[16:12:18][INFO ][PID: 8183] TURYSTA #30: Wychodzę wyjściem 0
[16:12:18][INFO ][PID: 8183] TURYSTA #30 (pieszy): Schodzę ze stacji górnej
[16:12:18][INFO ][PID: 8183] TURYSTA #30: Czekam na miejsce na stacji
[16:12:18][INFO ][PID: 8183] TURYSTA #30: Przeszedłem przez bramkę 0
[16:12:18][INFO ][PID: 8183] TURYSTA #30: Czekam na pozwolenie wejścia na peron
[16:12:18][INFO ][PID: 8183] TURYSTA #30: Wchodzę na peron
[16:12:18][INFO ][PID: 8183] TURYSTA #30: Czekam na krzesełko
[16:12:19][INFO ][PID: 8183] TURYSTA #30: Wsiadłem na krzesełko #9
[16:12:21][INFO ][PID: 8183] TURYSTA #30: Dojechałem na stację górną
[16:12:21][INFO ][PID: 8183] TURYSTA #30: Wychodzę wyjściem 1
[16:12:21][INFO ][PID: 8183] TURYSTA #30 (pieszy): Schodzę ze stacji górnej
[16:12:21][INFO ][PID: 8183] TURYSTA #30: Wystarczy na dziś, wychodzę
[16:12:21][INFO ][PID: 8183] TURYSTA #30: Kończę dzień z 4 zjazdami
