[19:39:51][INFO ][PID:  525] TURYSTA #18: Przychodzę (wiek: 5, pieszy, zwykły)
[19:39:51][INFO ][PID:  525] TURYSTA #18: Podchodzę do kasy
[19:39:51][INFO ][PID:  525] TURYSTA #18: Kupiłem bilet #17 (typ: 1)
[19:39:51][INFO ][PID:  525] TURYSTA #18: Czekam na miejsce na stacji
[19:39:51][INFO ][PID:  525] TURYSTA #18: Przeszedłem przez bramkę 0
[19:39:51][INFO ][PID:  525] TURYSTA #18: Czekam na pozwolenie wejścia na peron
[19:39:51][INFO ][PID:  525] TURYSTA #18: Wchodzę na peron
[19:39:51][INFO ][PID:  525] TURYSTA #18: Czekam na krzesełko
[19:39:51][INFO ][PID:  525] TURYSTA #18: Wsiadłem na krzesełko #15
[19:39:53][INFO ][PID:  525] TURYSTA #18: Dojechałem na stację górną
[19:39:53][INFO ][PID:  525] TURYSTA #18: Wychodzę wyjściem 0
[19:39:53][INFO ][PID:  525] TURYSTA #18 (pieszy): Schodzę ze stacji górnej
[19:39:53][INFO ][PID:  525] TURYSTA #18: Bilet nieważny, kończę
[19:39:53][INFO ][PID:  525] TURYSTA #18: Kończę dzień z 1 zjazdami
[20:12:29][INFO ][PID:  681] TURYSTA #18: Przychodzę (wiek: 4, pieszy, zwykły)
[20:12:29][INFO ][PID:  681] TURYSTA #18: Podchodzę do kasy
[20:12:29][INFO ][PID:  681] TURYSTA #18: Kupiłem bilet #18 (typ: 2)
[20:12:29][INFO ][PID:  681] TURYSTA #18: Czekam na miejsce na stacji
[20:12:29][INFO ][PID:  681] TURYSTA #18: Przeszedłem przez bramkę 0
[20:12:29][INFO ][PID:  681] TURYSTA #18: Czekam na pozwolenie wejścia na peron
[20:12:30][INFO ][PID:  681] TURYSTA #18: Wchodzę na peron
[20:12:30][INFO ][PID:  681] TURYSTA #18: Czekam na krzesełko
[20:12:30][INFO ][PID:  681] TURYSTA #18: Wsiadłem na krzesełko #9
[20:12:32][INFO ][PID:  681] TURYSTA #18: Dojechałem na stację górną
[20:12:32][INFO ][PID:  681] TURYSTA #18: Wychodzę wyjściem 0
[20:12:32][INFO ][PID:  681] TURYSTA #18 (pieszy): Schodzę ze stacji górnej
[20:12:32][INFO ][PID:  681] TURYSTA #18: Czekam na miejsce na stacji
[20:12:32][INFO ][PID:  681] TURYSTA #18: Przeszedłem przez bramkę 0
[20:12:32][INFO ][PID:  681] TURYSTA #18: Czekam na pozwolenie wejścia na peron
[20:12:33][INFO ][PID:  681] TURYSTA #18: Wchodzę na peron
[20:12:33][INFO ][PID:  681] TURYSTA #18: Czekam na krzesełko
[20:12:33][INFO ][PID:  681] TURYSTA #18: Wsiadłem na krzesełko #11
[20:12:35][INFO ][PID:  681] TURYSTA #18: Dojechałem na stację górną
[20:12:35][INFO ][PID:  681] TURYSTA #18: Wychodzę wyjściem 0
[20:12:35][INFO ][PID:  681] TURYSTA #18 (pieszy): Schodzę ze stacji górnej
[20:12:35][INFO ][PID:  681] TURYSTA #18: Wystarczy na dziś, wychodzę
[20:12:35][INFO ][PID:  681] TURYSTA #18: Kończę dzień z 2 zjazdami
