[19:39:56][INFO ][PID:  534] TURYSTA #27: Przychodzę (wiek: 6, pieszy, zwykły)
[19:39:56][INFO ][PID:  534] TURYSTA #27: Podchodzę do kasy
[19:39:56][INFO ][PID:  534] TURYSTA #27: Kupiłem bilet #26 (typ: 3)
[19:39:56][INFO ][PID:  534] TURYSTA #27: Czekam na miejsce na stacji
[19:39:56][INFO ][PID:  534] TURYSTA #27: Przeszedłem przez bramkę 0
[19:39:56][INFO ][PID:  534] TURYSTA #27: Czekam na pozwolenie wejścia na peron
[19:39:57][INFO ][PID:  534] TURYSTA #27: Wchodzę na peron
[19:39:57][INFO ][PID:  534] TURYSTA #27: Czekam na krzesełko
[19:39:57][INFO ][PID:  534] TURYSTA #27: Wsiadłem na krzesełko #19
[19:39:59][INFO ][PID:  534] TURYSTA #27: Dojechałem na stację górną
[19:39:59][INFO ][PID:  534] TURYSTA #27: Wychodzę wyjściem 0
[19:39:59][INFO ][PID:  534] TURYSTA #27 (pieszy): Schodzę ze stacji górnej
[19:39:59][INFO ][PID:  534] TURYSTA #27: Czekam na miejsce na stacji
[19:39:59][INFO ][PID:  534] TURYSTA #27: Przeszedłem przez bramkę 0
[19:39:59][INFO ][PID:  534] TURYSTA #27: Czekam na pozwolenie wejścia na peron
[19:40:01][INFO ][PID:  534] TURYSTA #27: Wchodzę na peron
[19:40:01][INFO ][PID:  534] TURYSTA #27: Czekam na krzesełko
[19:40:08][INFO ][PID:  534] TURYSTA #27: Kończę dzień z 1 zjazdami
[20:12:34][INFO ][PID:  690] TURYSTA #27: Przychodzę (wiek: 7, pieszy, zwykły)
[20:12:34][INFO ][PID:  690] TURYSTA #27: Podchodzę do kasy
[20:12:34][INFO ][PID:  690] TURYSTA #27: Kupiłem bilet #27 (typ: 1)
[20:12:34][INFO ][PID:  690] TURYSTA #27: Czekam na miejsce na stacji
[20:12:34][INFO ][PID:  690] TURYSTA #27: Przeszedłem przez bramkę 0
[20:12:34][INFO ][PID:  690] TURYSTA #27: Czekam na pozwolenie wejścia na peron
[20:12:37][INFO ][PID:  690] TURYSTA #27: Wchodzę na peron
[20:12:37][INFO ][PID:  690] TURYSTA #27: Czekam na krzesełko
[20:12:44][INFO ][PID:  690] TURYSTA #27: Wsiadłem na krzesełko #21
[20:12:46][INFO ][PID:  690] TURYSTA #27: Dojechałem na stację górną
[20:12:46][INFO ][PID:  690] TURYSTA #27: Wychodzę wyjściem 1
[20:12:46][INFO ][PID:  690] TURYSTA #27 (pieszy): Schodzę ze stacji górnej
[20:12:46][INFO ][PID:  690] TURYSTA #27: Bilet nieważny, kończę
[20:12:46][INFO ][PID:  690] TURYSTA #27: Kończę dzień z 1 zjazdami
