[16:12:40][INFO ][PID: 8217] TURYSTA #64: Przychodzę (wiek: 27, pieszy, zwykły)
[16:12:40][INFO ][PID: 8217] TURYSTA #64: Podchodzę do kasy
[16:12:40][INFO ][PID: 8217] TURYSTA #64: Kupiłem bilet #64 (typ: 2)
[16:12:40][INFO ][PID: 8217] TURYSTA #64: Czekam na miejsce na stacji
[16:12:40][INFO ][PID: 8217] TURYSTA #64: Przeszedłem przez bramkę 0
[16:12:40][INFO ][PID: 8217] TURYSTA #64: Czekam na pozwolenie wejścia na peron
[16:12:40][INFO ][PID: 8217] TURYSTA #64: Wchodzę na peron
[16:12:40][INFO ][PID: 8217] TURYSTA #64: Czekam na krzesełko
[16:12:40][INFO ][PID: 8217] TURYSTA #64: Wsiadłem na krzesełko #35
[16:12:42][INFO ][PID: 8217] TURYSTA #64: Dojechałem na stację górną
[16:12:42][INFO ][PID: 8217] TURYSTA #64: Wychodzę wyjściem 1
[16:12:42][INFO ][PID: 8217] TURYSTA #64 (pieszy): Schodzę ze stacji górnej
[16:12:42][INFO ][PID: 8217] TURYSTA #64: Czekam na miejsce na stacji
[16:12:42][INFO ][PID: 8217] TURYSTA #64: Przeszedłem przez bramkę 0
[16:12:42][INFO ][PID: 8217] TURYSTA #64: Czekam na pozwolenie wejścia na peron
[16:12:42][INFO ][PID: 8217] TURYSTA #64: Wchodzę na peron
[16:12:42][INFO ][PID: 8217] TURYSTA #64: Czekam na krzesełko
[16:12:42][INFO ][PID: 8217] TURYSTA #64: Wsiadłem na krzesełko #4
[16:12:44][INFO ][PID: 8217] TURYSTA #64: Dojechałem na stację górną
[16:12:44][INFO ][PID: 8217] TURYSTA #64: Wychodzę wyjściem 1
[16:12:44][INFO ][PID: 8217] TURYSTA #64 (pieszy): Schodzę ze stacji górnej
[16:12:44][INFO ][PID: 8217] TURYSTA #64: Czekam na miejsce na stacji
[16:12:44][INFO ][PID: 8217] TURYSTA #64: Przeszedłem przez bramkę 0
[16:12:44][INFO ][PID: 8217] TURYSTA #64: Czekam na pozwolenie wejścia na peron
[16:12:44][INFO ][PID: 8217] TURYSTA #64: Wchodzę na peron
[16:12:44][INFO ][PID: 8217] TURYSTA #64: Czekam na krzesełko
[16:12:44][INFO ][PID: 8217] TURYSTA #64: Wsiadłem na krzesełko #8
[16:12:46][INFO ][PID: 8217] TURYSTA #64: Dojechałem na stację górną
[16:12:46][INFO ][PID: 8217] TURYSTA #64: Wychodzę wyjściem 0
[16:12:46][INFO ][PID: 8217] TURYSTA #64 (pieszy): Schodzę ze stacji górnej
[16:12:46][INFO ][PID: 8217] TURYSTA #64: Wystarczy na dziś, wychodzę
[16:12:46][INFO ][PID: 8217] TURYSTA #64: Kończę dzień z 3 zjazdami
