[15:25:17][INFO ][PID: 7331] TURYSTA #53: Przychodzę (wiek: 6, pieszy, zwykły)
[15:25:17][INFO ][PID: 7331] TURYSTA #53: Podchodzę do kasy
[15:25:17][INFO ][PID: 7331] TURYSTA #53: Kupiłem bilet #52 (typ: 5)
[15:25:17][INFO ][PID: 7331] TURYSTA #53: Czekam na miejsce na stacji
[15:25:17][INFO ][PID: 7331] TURYSTA #53: Przeszedłem przez bramkę 0
[15:25:17][INFO ][PID: 7331] TURYSTA #53: Czekam na pozwolenie wejścia na peron
[15:25:17][INFO ][PID: 7331] TURYSTA #53: Wchodzę na peron
[15:25:17][INFO ][PID: 7331] TURYSTA #53: Czekam na krzesełko
[15:25:17][INFO ][PID: 7331] TURYSTA #53: Wsiadłem na krzesełko #20
[15:25:19][INFO ][PID: 7331] TURYSTA #53: Dojechałem na stację górną
[15:25:19][INFO ][PID: 7331] TURYSTA #53: Wychodzę wyjściem 0
[15:25:19][INFO ][PID: 7331] TURYSTA #53 (pieszy): Schodzę ze stacji górnej
[15:25:19][INFO ][PID: 7331] TURYSTA #53: Czekam na miejsce na stacji
[15:25:19][INFO ][PID: 7331] TURYSTA #53: Przeszedłem przez bramkę 0
[15:25:19][INFO ][PID: 7331] TURYSTA #53: Czekam na pozwolenie wejścia na peron
[15:25:19][INFO ][PID: 7331] TURYSTA #53: Wchodzę na peron
[15:25:19][INFO ][PID: 7331] TURYSTA #53: Czekam na krzesełko
[15:25:20][INFO ][PID: 7331] TURYSTA #53: Wsiadłem na krzesełko #26
[15:25:22][INFO ][PID: 7331] TURYSTA #53: Dojechałem na stację górną
[15:25:22][INFO ][PID: 7331] TURYSTA #53: Wychodzę wyjściem 0
[15:25:22][INFO ][PID: 7331] TURYSTA #53 (pieszy): Schodzę ze stacji górnej
[15:25:22][INFO ][PID: 7331] TURYSTA #53: Wystarczy na dziś, wychodzę
[15:25:22][INFO ][PID: 7331] TURYSTA #53: Kończę dzień z 2 zjazdami
