[15:24:34][INFO ][PID: 7255] TURYSTA #1: Przychodzę (wiek: 35, rowerzysta, zwykły)
[15:24:34][INFO ][PID: 7255] TURYSTA #1: Podchodzę do kasy
[15:24:34][INFO ][PID: 7255] TURYSTA #1: Kupiłem bilet #5 (typ: 35)
[15:24:34][INFO ][PID: 7255] TURYSTA #1: Czekam na miejsce na stacji
[15:24:34][INFO ][PID: 7255] TURYSTA #1: Przeszedłem przez bramkę 0
[15:24:34][INFO ][PID: 7255] TURYSTA #1: Czekam na pozwolenie wejścia na peron
[15:24:34][INFO ][PID: 7255] TURYSTA #1: Wchodzę na peron
[15:24:34][INFO ][PID: 7255] TURYSTA #1: Czekam na krzesełko
[15:24:34][INFO ][PID: 7255] TURYSTA #1: Wsiadłem na krzesełko #0
[15:24:36][INFO ][PID: 7255] TURYSTA #1: Dojechałem na stację górną
[15:24:36][INFO ][PID: 7255] TURYSTA #1: Wychodzę wyjściem 0
[15:24:36][INFO ][PID: 7255] TURYSTA #1 (rowerzysta): Wybieram trasę T3 (trudna) (czas: 8s)
[15:24:44][INFO ][PID: 7255] TURYSTA #1: Ukończyłem zjazd #1
[15:24:44][INFO ][PID: 7255] TURYSTA #1: Czekam na miejsce na stacji
[15:24:44][INFO ][PID: 7255] TURYSTA #1: Przeszedłem przez bramkę 0
[15:24:44][INFO ][PID: 7255] TURYSTA #1: Czekam na pozwolenie wejścia na peron
[15:24:44][INFO ][PID: 7255] TURYSTA #1: Wchodzę na peron
[15:24:44][INFO ][PID: 7255] TURYSTA #1: Czekam na krzesełko
[15:24:44][INFO ][PID: 7255] TURYSTA #1: Wsiadłem na krzesełko #13
[15:24:46][INFO ][PID: 7255] TURYSTA #1: Dojechałem na stację górną
[15:24:46][INFO ][PID: 7255] TURYSTA #1: Wychodzę wyjściem 0
[15:24:46][INFO ][PID: 7255] TURYSTA #1 (rowerzysta): Wybieram trasę T2 (średnia) (czas: 5s)
[15:24:55][INFO ][PID: 7255] TURYSTA #1: Ukończyłem zjazd #2
[15:24:55][INFO ][PID: 7255] TURYSTA #1: Wystarczy na dziś, wychodzę
[15:24:55][INFO ][PID: 7255] TURYSTA #1: Kończę dzień z 2 zjazdami
