[19:39:53][INFO ][PID:  528] TURYSTA #21: Przychodzę (wiek: 5, pieszy, zwykły)
[19:39:53][INFO ][PID:  528] TURYSTA #21: Podchodzę do kasy
[19:39:53][INFO ][PID:  528] TURYSTA #21: Kupiłem bilet #20 (typ: 2)
[19:39:53][INFO ][PID:  528] TURYSTA #21: Czekam na miejsce na stacji
[19:39:53][INFO ][PID:  528] TURYSTA #21: Przeszedłem przez bramkę 0
[19:39:53][INFO ][PID:  528] TURYSTA #21: Czekam na pozwolenie wejścia na peron
[19:39:53][INFO ][PID:  528] TURYSTA #21: Wchodzę na peron
[19:39:53][INFO ][PID:  528] TURYSTA #21: Czekam na krzesełko
[19:39:53][INFO ][PID:  528] TURYSTA #21: Wsiadłem na krzesełko #17
[19:39:55][INFO ][PID:  528] TURYSTA #21: Dojechałem na stację górną
[19:39:55][INFO ][PID:  528] TURYSTA #21: Wychodzę wyjściem 1
[19:39:55][INFO ][PID:  528] TURYSTA #21 (pieszy): Schodzę ze stacji górnej
[19:39:55][INFO ][PID:  528] TURYSTA #21: Czekam na miejsce na stacji
[19:39:55][INFO ][PID:  528] TURYSTA #21: Przeszedłem przez bramkę 0
[19:39:55][INFO ][PID:  528] TURYSTA #21: Czekam na pozwolenie wejścia na peron
[19:39:56][INFO ][PID:  528] TURYSTA #21: Wchodzę na peron
[19:39:56][INFO ][PID:  528] TURYSTA #21: Czekam na krzesełko
[19:40:08][INFO ][PID:  528] TURYSTA #21: Kończę dzień z 1 zjazdami
[20:12:31][INFO ][PID:  684] TURYSTA #21: Przychodzę (wiek: 5, pieszy, zwykły)
[20:12:31][INFO ][PID:  684] TURYSTA #21: Podchodzę do kasy
[20:12:31][INFO ][PID:  684] TURYSTA #21: Kupiłem bilet #21 (typ: 4)
[20:12:31][INFO ][PID:  684] TURYSTA #21: Czekam na miejsce na stacji
[20:12:31][INFO ][PID:  684] TURYSTA #21: Przeszedłem przez bramkę 0
[20:12:31][INFO ][PID:  684] TURYSTA #21: Czekam na pozwolenie wejścia na peron
[20:12:32][INFO ][PID:  684] TURYSTA #21: Wchodzę na peron
[20:12:32][INFO ][PID:  684] TURYSTA #21: Czekam na krzesełko
[20:12:41][INFO ][PID:  684] TURYSTA #21: Wsiadłem na krzesełko #18
[20:12:43][INFO ][PID:  684] TURYSTA #21: Dojechałem na stację górną
[20:12:43][INFO ][PID:  684] TURYSTA #21: Wychodzę wyjściem 1
[20:12:43][INFO ][PID:  684] TURYSTA #21 (pieszy): Schodzę ze stacji górnej
[20:12:43][INFO ][PID:  684] TURYSTA #21: Czekam na miejsce na stacji
[20:12:43][INFO ][PID:  684] TURYSTA #21: Przeszedłem przez bramkę 1
[20:12:43][INFO ][PID:  684] TURYSTA #21: Czekam na pozwolenie wejścia na peron
[20:12:45][INFO ][PID:  684] TURYSTA #21: Wchodzę na peron
[20:12:45][INFO ][PID:  684] TURYSTA #21: Czekam na krzesełko
[20:13:19][INFO ][PID:  684] TURYSTA #21: Kończę dzień z 1 zjazdami
