[16:12:25][INFO ][PID: 8203] TURYSTA #50: Przychodzę (wiek: 46, rowerzysta, zwykły)
[16:12:25][INFO ][PID: 8203] TURYSTA #50: Podchodzę do kasy
[16:12:25][INFO ][PID: 8203] TURYSTA #50: Kupiłem bilet #50 (typ: 5)
[16:12:25][INFO ][PID: 8203] TURYSTA #50: Czekam na miejsce na stacji
[16:12:25][INFO ][PID: 8203] TURYSTA #50: Przeszedłem przez bramkę 0
[16:12:25][INFO ][PID: 8203] TURYSTA #50: Czekam na pozwolenie wejścia na peron
[16:12:25][INFO ][PID: 8203] TURYSTA #50: Wchodzę na peron
[16:12:25][INFO ][PID: 8203] TURYSTA #50: Czekam na krzesełko
[16:12:25][INFO ][PID: 8203] TURYSTA #50: Wsiadłem na krzesełko #0
[16:12:27][INFO ][PID: 8203] TURYSTA #50: Dojechałem na stację górną
[16:12:27][INFO ][PID: 8203] TURYSTA #50: Wychodzę wyjściem 0
[16:12:27][INFO ][PID: 8203] TURYSTA #50 (rowerzysta): Wybieram trasę T2 (średnia) (czas: 5s)
[16:12:32][INFO ][PID: 8203] TURYSTA #50: Ukończyłem zjazd #1
[16:12:32][INFO ][PID: 8203] TURYSTA #50: Czekam na miejsce na stacji
[16:12:32][INFO ][PID: 8203] TURYSTA #50: Przeszedłem przez bramkę 0
[16:12:32][INFO ][PID: 8203] TURYSTA #50: Czekam na pozwolenie wejścia na peron
[16:12:33][INFO ][PID: 8203] TURYSTA #50: Wchodzę na peron
[16:12:33][INFO ][PID: 8203] TURYSTA #50: Czekam na krzesełko
[16:12:33][INFO ][PID: 8203] TURYSTA #50: Wsiadłem na krzesełko #24
[16:12:38][INFO ][PID: 8203] TURYSTA #50: Dojechałem na stację górną
[16:12:38][INFO ][PID: 8203] TURYSTA #50: Wychodzę wyjściem 1
[16:12:38][INFO ][PID: 8203] TURYSTA #50 (rowerzysta): Wybieram trasę T3 (trudna) (czas: 8s)
[16:12:46][INFO ][PID: 8203] TURYSTA #50: Ukończyłem zjazd #2
[16:12:46][INFO ][PID: 8203] TURYSTA #50: Wystarczy na dziś, wychodzę
[16:12:46][INFO ][PID: 8203] TURYSTA #50: Kończę dzień z 2 zjazdami
