[16:12:11][INFO ][PID: 8184] TURYSTA #31: Przychodzę (wiek: 4, pieszy, zwykły)
[16:12:11][INFO ][PID: 8184] TURYSTA #31: Podchodzę do kasy
[16:12:11][INFO ][PID: 8184] TURYSTA #31: Kupiłem bilet #32 (typ: 5)
[16:12:11][INFO ][PID: 8184] TURYSTA #31: Czekam na miejsce na stacji
[16:12:11][INFO ][PID: 8184] TURYSTA #31: Przeszedłem przez bramkę 0
[16:12:11][INFO ][PID: 8184] TURYSTA #31: Czekam na pozwolenie wejścia na peron
[16:12:11][INFO ][PID: 8184] TURYSTA #31: Wchodzę na peron
[16:12:11][INFO ][PID: 8184] TURYSTA #31: Czekam na krzesełko
[16:12:11][INFO ][PID: 8184] TURYSTA #31: Wsiadłem na krzesełko #16
[16:12:13][INFO ][PID: 8184] TURYSTA #31: Dojechałem na stację górną
[16:12:13][INFO ][PID: 8184] TURYSTA #31: Wychodzę wyjściem 1
[16:12:13][INFO ][PID: 8184] TURYSTA #31 (pieszy): Schodzę ze stacji górnej
[16:12:13][INFO ][PID: 8184] TURYSTA #31: Czekam na miejsce na stacji
[16:12:13][INFO ][PID: 8184] TURYSTA #31: Przeszedłem przez bramkę 0
[16:12:13][INFO ][PID: 8184] TURYSTA #31: Czekam na pozwolenie wejścia na peron
[16:12:14][INFO ][PID: 8184] TURYSTA #31: Wchodzę na peron
[16:12:14][INFO ][PID: 8184] TURYSTA #31: Czekam na krzesełko
[16:12:14][INFO ][PID: 8184] TURYSTA #31: Wsiadłem na krzesełko #27
[16:12:16][INFO ][PID: 8184] TURYSTA #31: Dojechałem na stację górną
[16:12:16][INFO ][PID: 8184] TURYSTA #31: Wychodzę wyjściem 0
[16:12:16][INFO ][PID: 8184] TURYSTA #31 (pieszy): Schodzę ze stacji górnej
[16:12:16][INFO ][PID: 8184] TURYSTA #31: Czekam na miejsce na stacji
[16:12:16][INFO ][PID: 8184] TURYSTA #31: Przeszedłem przez bramkę 0
[16:12:16][INFO ][PID: 8184] TURYSTA #31: Czekam na pozwolenie wejścia na peron
[16:12:17][INFO ][PID: 8184] TURYSTA #31: Wchodzę na peron
[16:12:17][INFO ][PID: 8184] TURYSTA #31: Czekam na krzesełko
[16:12:17][INFO ][PID: 8184] TURYSTA #31: Wsiadłem na krzesełko #2
[16:12:19][INFO ][PID: 8184] TURYSTA #31: Dojechałem na stację górną
[16:12:19][INFO ][PID: 8184] TURYSTA #31: Wychodzę wyjściem 0
[16:12:19][INFO ][PID: 8184] TURYSTA #31 (pieszy): Schodzę ze stacji górnej
[16:12:19][INFO ][PID: 8184] TURYSTA #31: Czekam na miejsce na stacji
[16:12:19][INFO ][PID: 8184] TURYSTA #31: Przeszedłem przez bramkę 0
[16:12:19][INFO ][PID: 8184] TURYSTA #31: Czekam na pozwolenie wejścia na peron
[16:12:19][INFO ][PID: 8184] TURYSTA #31: Wchodzę na peron
[16:12:19][INFO ][PID: 8184] TURYSTA #31: Czekam na krzesełko
[16:12:20][INFO ][PID: 8184] TURYSTA #31: Wsiadłem na krzesełko #13
[16:12:22][INFO ][PID: 8184] TURYSTA #31: Dojechałem na stację górną
[16:12:22][INFO ][PID: 8184] TURYSTA #31: Wychodzę wyjściem 0
[16:12:22][INFO ][PID: 8184] TURYSTA #31 (pieszy): Schodzę ze stacji górnej
[16:12:22][INFO ][PID: 8184] TURYSTA #31: Czekam na miejsce na stacji
[16:12:22][INFO ][PID: 8184] TURYSTA #31: Przeszedłem przez bramkę 0
[16:12:22][INFO ][PID: 8184] TURYSTA #31: Czekam na pozwolenie wejścia na peron
[16:12:23][INFO ][PID: 8184] TURYSTA #31: Wchodzę na peron
[16:12:23][INFO ][PID: 8184] TURYSTA #31: Czekam na krzesełko
[16:12:23][INFO ][PID: 8184] TURYSTA #31: Wsiadłem na krzesełko #26
[16:12:25][INFO ][PID: 8184] TURYSTA #31: Dojechałem na stację górną
[16:12:25][INFO ][PID: 8184] TURYSTA #31: Wychodzę wyjściem 0
[16:12:25][INFO ][PID: 8184] TURYSTA #31 (pieszy): Schodzę ze stacji górnej
[16:12:25][INFO ][PID: 8184] TURYSTA #31: Czekam na miejsce na stacji
[16:12:25][INFO ][PID: 8184] TURYSTA #31: Przeszedłem przez bramkę 0
[16:12:25][INFO ][PID: 8184] TURYSTA #31: Czekam na pozwolenie wejścia na peron
[16:12:26][INFO ][PID: 8184] TURYSTA #31: Wchodzę na peron
[16:12:26][INFO ][PID: 8184] TURYSTA #31: Czekam na krzesełko
[16:12:26][INFO ][PID: 8184] TURYSTA #31: Wsiadłem na krzesełko #1
[16:12:28][INFO ][PID: 8184] TURYSTA #31: Dojechałem na stację górną
[16:12:28][INFO ][PID: 8184] TURYSTA #31: Wychodzę wyjściem 0
[16:12:28][INFO ][PID: 8184] TURYSTA #31 (pieszy): Schodzę ze stacji górnej
[16:12:28][INFO ][PID: 8184] TURYSTA #31: Czekam na miejsce na stacji
[16:12:28][INFO ][PID: 8184] TURYSTA #31: Przeszedłem przez bramkę 0
[16:12:28][INFO ][PID: 8184] TURYSTA #31: Czekam na pozwolenie wejścia na peron
[16:12:28][INFO ][PID: 8184] TURYSTA #31: Wchodzę na peron
[16:12:28][INFO ][PID: 8184] TURYSTA #31: Czekam na krzesełko
[16:12:28][INFO ][PID: 8184] TURYSTA #31: Wsiadłem na krzesełko #9
[16:12:30][INFO ][PID: 8184] TURYSTA #31: Dojechałem na stację górną
[16:12:30][INFO ][PID: 8184] TURYSTA #31: Wychodzę wyjściem 1
[16:12:30][INFO ][PID: 8184] TURYSTA #31 (pieszy): Schodzę ze stacji górnej
[16:12:30][INFO ][PID: 8184] TURYSTA #31: Wystarczy na dziś, wychodzę
[16:12:30][INFO ][PID: 8184] TURYSTA #31: Kończę dzień z 7 zjazdami
