[15:24:46][INFO ][PID: 7269] TURYSTA #15: Przychodzę (wiek: 4, pieszy, zwykły)
[15:24:46][INFO ][PID: 7269] TURYSTA #15: Podchodzę do kasy
[15:24:46][INFO ][PID: 7269] TURYSTA #15: Kupiłem bilet #14 (typ: 4)
[15:24:46][INFO ][PID: 7269] TURYSTA #15: Czekam na miejsce na stacji
[15:24:46][INFO ][PID: 7269] TURYSTA #15: Przeszedłem przez bramkę 0
[15:24:46][INFO ][PID: 7269] TURYSTA #15: Czekam na pozwolenie wejścia na peron
[15:24:46][INFO ][PID: 7269] TURYSTA #15: Wchodzę na peron
[15:24:46][INFO ][PID: 7269] TURYSTA #15: Czekam na krzesełko
[15:24:46][INFO ][PID: 7269] TURYSTA #15: Wsiadłem na krzesełko #16
[15:24:48][INFO ][PID: 7269] TURYSTA #15: Dojechałem na stację górną
[15:24:48][INFO ][PID: 7269] TURYSTA #15: Wychodzę wyjściem 1
[15:24:48][INFO ][PID: 7269] TURYSTA #15 (pieszy): Schodzę ze stacji górnej
[15:24:48][INFO ][PID: 7269] TURYSTA #15: Czekam na miejsce na stacji
[15:24:48][INFO ][PID: 7269] TURYSTA #15: Przeszedłem przez bramkę 0
[15:24:48][INFO ][PID: 7269] TURYSTA #15: Czekam na pozwolenie wejścia na peron
[15:24:48][INFO ][PID: 7269] TURYSTA #15: Wchodzę na peron
[15:24:48][INFO ][PID: 7269] TURYSTA #15: Czekam na krzesełko
[15:24:48][INFO ][PID: 7269] TURYSTA #15: Wsiadłem na krzesełko #20
[15:24:54][INFO ][PID: 7269] TURYSTA #15: Dojechałem na stację górną
[15:24:54][INFO ][PID: 7269] TURYSTA #15: Wychodzę wyjściem 1
[15:24:54][INFO ][PID: 7269] TURYSTA #15 (pieszy): Schodzę ze stacji górnej
[15:24:54][INFO ][PID: 7269] TURYSTA #15: Czekam na miejsce na stacji
[15:24:54][INFO ][PID: 7269] TURYSTA #15: Przeszedłem przez bramkę 0
[15:24:54][INFO ][PID: 7269] TURYSTA #15: Czekam na pozwolenie wejścia na peron
[15:24:54][INFO ][PID: 7269] TURYSTA #15: Wchodzę na peron
[15:24:54][INFO ][PID: 7269] TURYSTA #15: Czekam na krzesełko
[15:24:54][INFO ][PID: 7269] TURYSTA #15: Wsiadłem na krzesełko #24
[15:24:56][INFO ][PID: 7269] TURYSTA #15: Dojechałem na stację górną
[15:24:56][INFO ][PID: 7269] TURYSTA #15: Wychodzę wyjściem 0
[15:24:56][INFO ][PID: 7269] TURYSTA #15 (pieszy): Schodzę ze stacji górnej
[15:24:56][INFO ][PID: 7269] TURYSTA #15: Wystarczy na dziś, wychodzę
[15:24:56][INFO ][PID: 7269] TURYSTA #15: Kończę dzień z 3 zjazdami
