[16:12:26][INFO ][PID: 8205] TURYSTA #52: Przychodzę (wiek: 6, pieszy, zwykły)
[16:12:26][INFO ][PID: 8205] TURYSTA #52: Podchodzę do kasy
[16:12:26][INFO ][PID: 8205] TURYSTA #52: Kupiłem bilet #52 (typ: 3)
[16:12:26][INFO ][PID: 8205] TURYSTA #52: Czekam na miejsce na stacji
[16:12:26][INFO ][PID: 8205] TURYSTA #52: Przeszedłem przez bramkę 0
[16:12:26][INFO ][PID: 8205] TURYSTA #52: Czekam na pozwolenie wejścia na peron
[16:12:27][INFO ][PID: 8205] TURYSTA #52: Wchodzę na peron
[16:12:27][INFO ][PID: 8205] TURYSTA #52: Czekam na krzesełko
[16:12:27][INFO ][PID: 8205] TURYSTA #52: Wsiadłem na krzesełko #5
[16:12:29][INFO ][PID: 8205] TURYSTA #52: Dojechałem na stację górną
[16:12:29][INFO ][PID: 8205] TURYSTA #52: Wychodzę wyjściem 1
[16:12:29][INFO ][PID: 8205] TURYSTA #52 (pieszy): Schodzę ze stacji górnej
[16:12:29][INFO ][PID: 8205] TURYSTA #52: Czekam na miejsce na stacji
[16:12:29][INFO ][PID: 8205] TURYSTA #52: Przeszedłem przez bramkę 0
[16:12:29][INFO ][PID: 8205] TURYSTA #52: Czekam na pozwolenie wejścia na peron
[16:12:29][INFO ][PID: 8205] TURYSTA #52: Wchodzę na peron
[16:12:29][INFO ][PID: 8205] TURYSTA #52: Czekam na krzesełko
[16:12:29][INFO ][PID: 8205] TURYSTA #52: Wsiadłem na krzesełko #14
[16:12:31][INFO ][PID: 8205] TURYSTA #52: Dojechałem na stację górną
[16:12:31][INFO ][PID: 8205] TURYSTA #52: Wychodzę wyjściem 0
[16:12:31][INFO ][PID: 8205] TURYSTA #52 (pieszy): Schodzę ze stacji górnej
[16:12:31][INFO ][PID: 8205] TURYSTA #52: Czekam na miejsce na stacji
[16:12:31][INFO ][PID: 8205] TURYSTA #52: Przeszedłem przez bramkę 0
[16:12:31][INFO ][PID: 8205] TURYSTA #52: Czekam na pozwolenie wejścia na peron
[16:12:31][INFO ][PID: 8205] TURYSTA #52: Wchodzę na peron
[16:12:31][INFO ][PID: 8205] TURYSTA #52: Czekam na krzesełko
[16:12:32][INFO ][PID: 8205] TURYSTA #52: Wsiadłem na krzesełko #20
[16:12:34][INFO ][PID: 8205] TURYSTA #52: Dojechałem na stację górną
[16:12:34][INFO ][PID: 8205] TURYSTA #52: Wychodzę wyjściem 1
[16:12:34][INFO ][PID: 8205] TURYSTA #52 (pieszy): Schodzę ze stacji górnej
[16:12:34][INFO ][PID: 8205] TURYSTA #52: Wystarczy na dziś, wychodzę
[16:12:34][INFO ][PID: 8205] TURYSTA #52: Kończę dzień z 3 zjazdami
