[15:25:21][INFO ][PID: 7338] TURYSTA #60: Przychodzę (wiek: 28, rowerzysta, zwykły)
[15:25:21][INFO ][PID: 7338] TURYSTA #60: Podchodzę do kasy
[15:25:21][INFO ][PID: 7338] TURYSTA #60: Kupiłem bilet #59 (typ: 5)
[15:25:21][INFO ][PID: 7338] TURYSTA #60: Czekam na miejsce na stacji
[15:25:21][INFO ][PID: 7338] TURYSTA #60: Przeszedłem przez bramkę 0
[15:25:21][INFO ][PID: 7338] TURYSTA #60: Czekam na pozwolenie wejścia na peron
[15:25:21][INFO ][PID: 7338] TURYSTA #60: Wchodzę na peron
[15:25:21][INFO ][PID: 7338] TURYSTA #60: Czekam na krzesełko
[15:25:21][INFO ][PID: 7338] TURYSTA #60: Wsiadłem na krzesełko #31
[15:25:23][INFO ][PID: 7338] TURYSTA #60: Dojechałem na stację górną
[15:25:23][INFO ][PID: 7338] TURYSTA #60: Wychodzę wyjściem 0
[15:25:23][INFO ][PID: 7338] TURYSTA #60 (rowerzysta): Wybieram trasę T1 (łatwa) (czas: 3s)
[15:25:29][INFO ][PID: 7338] TURYSTA #60: Ukończyłem zjazd #1
[15:25:29][INFO ][PID: 7338] TURYSTA #60: Czekam na miejsce na stacji
[15:25:29][INFO ][PID: 7338] TURYSTA #60: Przeszedłem przez bramkę 0
[15:25:29][INFO ][PID: 7338] TURYSTA #60: Czekam na pozwolenie wejścia na peron
[15:25:30][INFO ][PID: 7338] TURYSTA #60: Wchodzę na peron
[15:25:30][INFO ][PID: 7338] TURYSTA #60: Czekam na krzesełko
[15:25:30][INFO ][PID: 7338] TURYSTA #60: Wsiadłem na krzesełko #8
[15:25:32][INFO ][PID: 7338] TURYSTA #60: Dojechałem na stację górną
[15:25:32][INFO ][PID: 7338] TURYSTA #60: Wychodzę wyjściem 0
[15:25:32][INFO ][PID: 7338] TURYSTA #60 (rowerzysta): Wybieram trasę T3 (trudna) (czas: 8s)
[15:25:35][INFO ][PID: 7338] TURYSTA #60: Kończę dzień z 1 zjazdami
