[20:12:46][INFO ][PID:  706] TURYSTA #43: Przychodzę (wiek: 56, pieszy, zwykły)
[20:12:46][INFO ][PID:  706] TURYSTA #43: Podchodzę do kasy
[20:12:46][INFO ][PID:  706] TURYSTA #43: Kupiłem bilet #43 (typ: 5)
[20:12:46][INFO ][PID:  706] TURYSTA #43: Czekam na miejsce na stacji
[20:12:46][INFO ][PID:  706] TURYSTA #43: Przeszedłem przez bramkę 0
[20:12:46][INFO ][PID:  706] TURYSTA #43: Czekam na pozwolenie wejścia na peron
[20:12:48][INFO ][PID:  706] TURYSTA #43: Wchodzę na peron
[20:12:48][INFO ][PID:  706] TURYSTA #43: Czekam na krzesełko
[20:12:48][INFO ][PID:  706] TURYSTA #43: Wsiadłem na krzesełko #24
[20:12:50][INFO ][PID:  706] TURYSTA #43: Dojechałem na stację górną
[20:12:50][INFO ][PID:  706] TURYSTA #43: Wychodzę wyjściem 0
[20:12:50][INFO ][PID:  706] TURYSTA #43 (pieszy): Schodzę ze stacji górnej
[20:12:50][INFO ][PID:  706] TURYSTA #43: Czekam na miejsce na stacji
[20:12:50][INFO ][PID:  706] TURYSTA #43: Przeszedłem przez bramkę 0
[20:12:50][INFO ][PID:  706] TURYSTA #43: Czekam na pozwolenie wejścia na peron
[20:12:51][INFO ][PID:  706] TURYSTA #43: Wchodzę na peron
[20:12:51][INFO ][PID:  706] TURYSTA #43: Czekam na krzesełko
[20:12:51][INFO ][PID:  706] TURYSTA #43: Wsiadłem na krzesełko #27
[20:12:53][INFO ][PID:  706] TURYSTA #43: Dojechałem na stację górną
[20:12:53][INFO ][PID:  706] TURYSTA #43: Wychodzę wyjściem 0
[20:12:53][INFO ][PID:  706] TURYSTA #43 (pieszy): Schodzę ze stacji górnej
[20:12:53][INFO ][PID:  706] TURYSTA #43: Czekam na miejsce na stacji
[20:12:53][INFO ][PID:  706] TURYSTA #43: Przeszedłem przez bramkę 0
[20:12:53][INFO ][PID:  706] TURYSTA #43: Czekam na pozwolenie wejścia na peron
[20:12:58][INFO ][PID:  706] TURYSTA #43: Wchodzę na peron
[20:12:58][INFO ][PID:  706] TURYSTA #43: Czekam na krzesełko
[20:12:58][INFO ][PID:  706] TURYSTA #43: Wsiadłem na krzesełko #31
[20:13:00][INFO ][PID:  706] TURYSTA #43: Dojechałem na stację górną
[20:13:00][INFO ][PID:  706] TURYSTA #43: Wychodzę wyjściem 0
[20:13:00][INFO ][PID:  706] TURYSTA #43 (pieszy): Schodzę ze stacji górnej
[20:13:00][INFO ][PID:  706] TURYSTA #43: Czekam na miejsce na stacji
[20:13:00][INFO ][PID:  706] TURYSTA #43: Przeszedłem przez bramkę 0
[20:13:00][INFO ][PID:  706] TURYSTA #43: Czekam na pozwolenie wejścia na peron
