[16:12:17][INFO ][PID: 8193] TURYSTA #40: Przychodzę (wiek: 47, pieszy, zwykły)
[16:12:17][INFO ][PID: 8193] TURYSTA #40: Podchodzę do kasy
[16:12:17][INFO ][PID: 8193] TURYSTA #40: Kupiłem bilet #40 (typ: 5)
[16:12:17][INFO ][PID: 8193] TURYSTA #40: Czekam na miejsce na stacji
[16:12:17][INFO ][PID: 8193] TURYSTA #40: Przeszedłem przez bramkę 0
[16:12:17][INFO ][PID: 8193] TURYSTA #40: Czekam na pozwolenie wejścia na peron
[16:12:17][INFO ][PID: 8193] TURYSTA #40: Wchodzę na peron
[16:12:17][INFO ][PID: 8193] TURYSTA #40: Czekam na krzesełko
[16:12:17][INFO ][PID: 8193] TURYSTA #40: Wsiadłem na krzesełko #4
[16:12:19][INFO ][PID: 8193] TURYSTA #40: Dojechałem na stację górną
[16:12:19][INFO ][PID: 8193] TURYSTA #40: Wychodzę wyjściem 0
[16:12:19][INFO ][PID: 8193] TURYSTA #40 (pieszy): Schodzę ze stacji górnej
[16:12:19][INFO ][PID: 8193] TURYSTA #40: Czekam na miejsce na stacji
[16:12:19][INFO ][PID: 8193] TURYSTA #40: Przeszedłem przez bramkę 0
[16:12:19][INFO ][PID: 8193] TURYSTA #40: Czekam na pozwolenie wejścia na peron
[16:12:20][INFO ][PID: 8193] TURYSTA #40: Wchodzę na peron
[16:12:20][INFO ][PID: 8193] TURYSTA #40: Czekam na krzesełko
[16:12:20][INFO ][PID: 8193] TURYSTA #40: Wsiadłem na krzesełko #14
[16:12:22][INFO ][PID: 8193] TURYSTA #40: Dojechałem na stację górną
[16:12:22][INFO ][PID: 8193] TURYSTA #40: Wychodzę wyjściem 1
[16:12:22][INFO ][PID: 8193] TURYSTA #40 (pieszy): Schodzę ze stacji górnej
[16:12:22][INFO ][PID: 8193] TURYSTA #40: Czekam na miejsce na stacji
[16:12:22][INFO ][PID: 8193] TURYSTA #40: Przeszedłem przez bramkę 0
[16:12:22][INFO ][PID: 8193] TURYSTA #40: Czekam na pozwolenie wejścia na peron
[16:12:23][INFO ][PID: 8193] TURYSTA #40: Wchodzę na peron
[16:12:23][INFO ][PID: 8193] TURYSTA #40: Czekam na krzesełko
[16:12:23][INFO ][PID: 8193] TURYSTA #40: Wsiadłem na krzesełko #27
[16:12:25][INFO ][PID: 8193] TURYSTA #40: Dojechałem na stację górną
[16:12:25][INFO ][PID: 8193] TURYSTA #40: Wychodzę wyjściem 1
[16:12:25][INFO ][PID: 8193] TURYSTA #40 (pieszy): Schodzę ze stacji górnej
[16:12:25][INFO ][PID: 8193] TURYSTA #40: Czekam na miejsce na stacji
[16:12:25][INFO ][PID: 8193] TURYSTA #40: Przeszedłem przez bramkę 0
[16:12:25][INFO ][PID: 8193] TURYSTA #40: Czekam na pozwolenie wejścia na peron
[16:12:26][INFO ][PID: 8193] TURYSTA #40: Wchodzę na peron
[16:12:26][INFO ][PID: 8193] TURYSTA #40: Czekam na krzesełko
[16:12:26][INFO ][PID: 8193] TURYSTA #40: Wsiadłem na krzesełko #2
[16:12:28][INFO ][PID: 8193] TURYSTA #40: Dojechałem na stację górną
[16:12:28][INFO ][PID: 8193] TURYSTA #40: Wychodzę wyjściem 0
[16:12:28][INFO ][PID: 8193] TURYSTA #40 (pieszy): Schodzę ze stacji górnej
[16:12:28][INFO ][PID: 8193] TURYSTA #40: Czekam na miejsce na stacji
[16:12:28][INFO ][PID: 8193] TURYSTA #40: Przeszedłem przez bramkę 0
[16:12:28][INFO ][PID: 8193] TURYSTA #40: Czekam na pozwolenie wejścia na peron
[16:12:28][INFO ][PID: 8193] TURYSTA #40: Wchodzę na peron
[16:12:28][INFO ][PID: 8193] TURYSTA #40: Czekam na krzesełko
[16:12:28][INFO ][PID: 8193] TURYSTA #40: Wsiadłem na krzesełko #10
[16:12:30][INFO ][PID: 8193] TURYSTA #40: Dojechałem na stację górną
[16:12:30][INFO ][PID: 8193] TURYSTA #40: Wychodzę wyjściem 0
[16:12:30][INFO ][PID: 8193] TURYSTA #40 (pieszy): Schodzę ze stacji górnej
[16:12:30][INFO ][PID: 8193] TURYSTA #40: Czekam na miejsce na stacji
[16:12:30][INFO ][PID: 8193] TURYSTA #40: Przeszedłem przez bramkę 0
[16:12:30][INFO ][PID: 8193] TURYSTA #40: Czekam na pozwolenie wejścia na peron
[16:12:30][INFO ][PID: 8193] TURYSTA #40: Wchodzę na peron
[16:12:30][INFO ][PID: 8193] TURYSTA #40: Czekam na krzesełko
[16:12:31][INFO ][PID: 8193] TURYSTA #40: Wsiadłem na krzesełko #18
[16:12:33][INFO ][PID: 8193] TURYSTA #40: Dojechałem na stację górną
[16:12:33][INFO ][PID: 8193] TURYSTA #40: Wychodzę wyjściem 1
[16:12:33][INFO ][PID: 8193] TURYSTA #40 (pieszy): Schodzę ze stacji górnej
[16:12:33][INFO ][PID: 8193] TURYSTA #40: Wystarczy na dziś, wychodzę
[16:12:33][INFO ][PID: 8193] TURYSTA #40: Kończę dzień z 6 zjazdami
