[16:12:39][INFO ][PID: 8216] TURYSTA #63: Przychodzę (wiek: 6, pieszy, zwykły)
[16:12:39][INFO ][PID: 8216] TURYSTA #63: Podchodzę do kasy
[16:12:39][INFO ][PID: 8216] TURYSTA #63: Kupiłem bilet #63 (typ: 4)
[16:12:39][INFO ][PID: 8216] TURYSTA #63: Czekam na miejsce na stacji
[16:12:39][INFO ][PID: 8216] TURYSTA #63: Przeszedłem przez bramkę 0
[16:12:39][INFO ][PID: 8216] TURYSTA #63: Czekam na pozwolenie wejścia na peron
[16:12:39][INFO ][PID: 8216] TURYSTA #63: Wchodzę na peron
[16:12:39][INFO ][PID: 8216] TURYSTA #63: Czekam na krzesełko
[16:12:39][INFO ][PID: 8216] TURYSTA #63: Wsiadłem na krzesełko #33
[16:12:41][INFO ][PID: 8216] TURYSTA #63: Dojechałem na stację górną
[16:12:41][INFO ][PID: 8216] TURYSTA #63: Wychodzę wyjściem 1
[16:12:41][INFO ][PID: 8216] TURYSTA #63 (pieszy): Schodzę ze stacji górnej
[16:12:41][INFO ][PID: 8216] TURYSTA #63: Czekam na miejsce na stacji
[16:12:41][INFO ][PID: 8216] TURYSTA #63: Przeszedłem przez bramkę 0
[16:12:41][INFO ][PID: 8216] TURYSTA #63: Czekam na pozwolenie wejścia na peron
[16:12:41][INFO ][PID: 8216] TURYSTA #63: Wchodzę na peron
[16:12:41][INFO ][PID: 8216] TURYSTA #63: Czekam na krzesełko
[16:12:41][INFO ][PID: 8216] TURYSTA #63: Wsiadłem na krzesełko #2
[16:12:43][INFO ][PID: 8216] TURYSTA #63: Dojechałem na stację górną
[16:12:43][INFO ][PID: 8216] TURYSTA #63: Wychodzę wyjściem 1
[16:12:43][INFO ][PID: 8216] TURYSTA #63 (pieszy): Schodzę ze stacji górnej
[16:12:43][INFO ][PID: 8216] TURYSTA #63: Wystarczy na dziś, wychodzę
[16:12:43][INFO ][PID: 8216] TURYSTA #63: Kończę dzień z 2 zjazdami
