[15:25:20][INFO ][PID: 7336] TURYSTA #58: Przychodzę (wiek: 5, pieszy, zwykły)
[15:25:20][INFO ][PID: 7336] TURYSTA #58: Podchodzę do kasy
[15:25:20][INFO ][PID: 7336] TURYSTA #58: Kupiłem bilet #57 (typ: 2)
[15:25:20][INFO ][PID: 7336] TURYSTA #58: Czekam na miejsce na stacji
[15:25:20][INFO ][PID: 7336] TURYSTA #58: Przeszedłem przez bramkę 0
[15:25:20][INFO ][PID: 7336] TURYSTA #58: Czekam na pozwolenie wejścia na peron
[15:25:20][INFO ][PID: 7336] TURYSTA #58: Wchodzę na peron
[15:25:20][INFO ][PID: 7336] TURYSTA #58: Czekam na krzesełko
[15:25:20][INFO ][PID: 7336] TURYSTA #58: Wsiadłem na krzesełko #28
[15:25:22][INFO ][PID: 7336] TURYSTA #58: Dojechałem na stację górną
[15:25:22][INFO ][PID: 7336] TURYSTA #58: Wychodzę wyjściem 0
[15:25:22][INFO ][PID: 7336] TURYSTA #58 (pieszy): Schodzę ze stacji górnej
[15:25:22][INFO ][PID: 7336] TURYSTA #58: Czekam na miejsce na stacji
[15:25:22][INFO ][PID: 7336] TURYSTA #58: Przeszedłem przez bramkę 0
[15:25:22][INFO ][PID: 7336] TURYSTA #58: Czekam na pozwolenie wejścia na peron
[15:25:22][INFO ][PID: 7336] TURYSTA #58: Wchodzę na peron
[15:25:22][INFO ][PID: 7336] TURYSTA #58: Czekam na krzesełko
[15:25:22][INFO ][PID: 7336] TURYSTA #58: Wsiadłem na krzesełko #34
[15:25:24][INFO ][PID: 7336] TURYSTA #58: Dojechałem na stację górną
[15:25:24][INFO ][PID: 7336] TURYSTA #58: Wychodzę wyjściem 0
[15:25:24][INFO ][PID: 7336] TURYSTA #58 (pieszy): Schodzę ze stacji górnej
[15:25:24][INFO ][PID: 7336] TURYSTA #58: Wystarczy na dziś, wychodzę
[15:25:24][INFO ][PID: 7336] TURYSTA #58: Kończę dzień z 2 zjazdami
