[15:25:14][INFO ][PID: 7324] TURYSTA #46: Przychodzę (wiek: 55, pieszy, zwykły)
[15:25:14][INFO ][PID: 7324] TURYSTA #46: Podchodzę do kasy
[15:25:14][INFO ][PID: 7324] TURYSTA #46: Kupiłem bilet #45 (typ: 4)
[15:25:14][INFO ][PID: 7324] TURYSTA #46: Czekam na miejsce na stacji
[15:25:14][INFO ][PID: 7324] TURYSTA #46: Przeszedłem przez bramkę 0
[15:25:14][INFO ][PID: 7324] TURYSTA #46: Czekam na pozwolenie wejścia na peron
[15:25:14][INFO ][PID: 7324] TURYSTA #46: Wchodzę na peron
[15:25:14][INFO ][PID: 7324] TURYSTA #46: Czekam na krzesełko
[15:25:14][INFO ][PID: 7324] TURYSTA #46: Wsiadłem na krzesełko #9
[15:25:16][INFO ][PID: 7324] TURYSTA #46: Dojechałem na stację górną
[15:25:16][INFO ][PID: 7324] TURYSTA #46: Wychodzę wyjściem 0
[15:25:16][INFO ][PID: 7324] TURYSTA #46 (pieszy): Schodzę ze stacji górnej
[15:25:16][INFO ][PID: 7324] TURYSTA #46: Czekam na miejsce na stacji
[15:25:16][INFO ][PID: 7324] TURYSTA #46: Przeszedłem przez bramkę 0
[15:25:16][INFO ][PID: 7324] TURYSTA #46: Czekam na pozwolenie wejścia na peron
[15:25:16][INFO ][PID: 7324] TURYSTA #46: Wchodzę na peron
[15:25:16][INFO ][PID: 7324] TURYSTA #46: Czekam na krzesełko
[15:25:17][INFO ][PID: 7324] TURYSTA #46: Wsiadłem na krzesełko #17
[15:25:19][INFO ][PID: 7324] TURYSTA #46: Dojechałem na stację górną
[15:25:19][INFO ][PID: 7324] TURYSTA #46: Wychodzę wyjściem 1
[15:25:19][INFO ][PID: 7324] TURYSTA #46 (pieszy): Schodzę ze stacji górnej
[15:25:19][INFO ][PID: 7324] TURYSTA #46: Wystarczy na dziś, wychodzę
[15:25:19][INFO ][PID: 7324] TURYSTA #46: Kończę dzień z 2 zjazdami
