[16:12:30][INFO ][PID: 8209] TURYSTA #56: Przychodzę (wiek: 37, rowerzysta, zwykły)
[16:12:30][INFO ][PID: 8209] TURYSTA #56: Podchodzę do kasy
[16:12:30][INFO ][PID: 8209] TURYSTA #56: Kupiłem bilet #56 (typ: 2)
[16:12:30][INFO ][PID: 8209] TURYSTA #56: Czekam na miejsce na stacji
[16:12:30][INFO ][PID: 8209] TURYSTA #56: Przeszedłem przez bramkę 0
[16:12:30][INFO ][PID: 8209] TURYSTA #56: Czekam na pozwolenie wejścia na peron
[16:12:30][INFO ][PID: 8209] TURYSTA #56: Wchodzę na peron
[16:12:30][INFO ][PID: 8209] TURYSTA #56: Czekam na krzesełko
[16:12:30][INFO ][PID: 8209] TURYSTA #56: Wsiadłem na krzesełko #16
[16:12:32][INFO ][PID: 8209] TURYSTA #56: Dojechałem na stację górną
[16:12:32][INFO ][PID: 8209] TURYSTA #56: Wychodzę wyjściem 0
[16:12:32][INFO ][PID: 8209] TURYSTA #56 (rowerzysta): Wybieram trasę T2 (średnia) (czas: 5s)
[16:12:40][INFO ][PID: 8209] TURYSTA #56: Ukończyłem zjazd #1
[16:12:40][INFO ][PID: 8209] TURYSTA #56: Czekam na miejsce na stacji
[16:12:40][INFO ][PID: 8209] TURYSTA #56: Przeszedłem przez bramkę 0
[16:12:40][INFO ][PID: 8209] TURYSTA #56: Czekam na pozwolenie wejścia na peron
[16:12:41][INFO ][PID: 8209] TURYSTA #56: Wchodzę na peron
[16:12:41][INFO ][PID: 8209] TURYSTA #56: Czekam na krzesełko
[16:12:41][INFO ][PID: 8209] TURYSTA #56: Wsiadłem na krzesełko #0
[16:12:43][INFO ][PID: 8209] TURYSTA #56: Dojechałem na stację górną
[16:12:43][INFO ][PID: 8209] TURYSTA #56: Wychodzę wyjściem 1
[16:12:43][INFO ][PID: 8209] TURYSTA #56 (rowerzysta): Wybieram trasę T3 (trudna) (czas: 8s)
[16:12:47][INFO ][PID: 8209] TURYSTA #56: Kończę dzień z 1 zjazdami
