[16:12:31][INFO ][PID: 8210] TURYSTA #57: Przychodzę (wiek: 45, pieszy, zwykły)
[16:12:31][INFO ][PID: 8210] TURYSTA #57: Podchodzę do kasy
[16:12:31][INFO ][PID: 8210] TURYSTA #57: Kupiłem bilet #57 (typ: 5)
[16:12:31][INFO ][PID: 8210] TURYSTA #57: Czekam na miejsce na stacji
[16:12:31][INFO ][PID: 8210] TURYSTA #57: Przeszedłem przez bramkę 0
[16:12:31][INFO ][PID: 8210] TURYSTA #57: Czekam na pozwolenie wejścia na peron
[16:12:31][INFO ][PID: 8210] TURYSTA #57: Wchodzę na peron
[16:12:31][INFO ][PID: 8210] TURYSTA #57: Czekam na krzesełko
[16:12:31][INFO ][PID: 8210] TURYSTA #57: Wsiadłem na krzesełko #19
[16:12:33][INFO ][PID: 8210] TURYSTA #57: Dojechałem na stację górną
[16:12:33][INFO ][PID: 8210] TURYSTA #57: Wychodzę wyjściem 1
[16:12:33][INFO ][PID: 8210] TURYSTA #57 (pieszy): Schodzę ze stacji górnej
[16:12:33][INFO ][PID: 8210] TURYSTA #57: Czekam na miejsce na stacji
[16:12:33][INFO ][PID: 8210] TURYSTA #57: Przeszedłem przez bramkę 0
[16:12:33][INFO ][PID: 8210] TURYSTA #57: Czekam na pozwolenie wejścia na peron
[16:12:33][INFO ][PID: 8210] TURYSTA #57: Wchodzę na peron
[16:12:33][INFO ][PID: 8210] TURYSTA #57: Czekam na krzesełko
[16:12:33][INFO ][PID: 8210] TURYSTA #57: Wsiadłem na krzesełko #26
[16:12:39][INFO ][PID: 8210] TURYSTA #57: Dojechałem na stację górną
[16:12:39][INFO ][PID: 8210] TURYSTA #57: Wychodzę wyjściem 0
[16:12:39][INFO ][PID: 8210] TURYSTA #57 (pieszy): Schodzę ze stacji górnej
[16:12:39][INFO ][PID: 8210] TURYSTA #57: Czekam na miejsce na stacji
[16:12:39][INFO ][PID: 8210] TURYSTA #57: Przeszedłem przez bramkę 0
[16:12:39][INFO ][PID: 8210] TURYSTA #57: Czekam na pozwolenie wejścia na peron
[16:12:39][INFO ][PID: 8210] TURYSTA #57: Wchodzę na peron
[16:12:39][INFO ][PID: 8210] TURYSTA #57: Czekam na krzesełko
[16:12:39][INFO ][PID: 8210] TURYSTA #57: Wsiadłem na krzesełko #34
[16:12:41][INFO ][PID: 8210] TURYSTA #57: Dojechałem na stację górną
[16:12:41][INFO ][PID: 8210] TURYSTA #57: Wychodzę wyjściem 0
[16:12:41][INFO ][PID: 8210] TURYSTA #57 (pieszy): Schodzę ze stacji górnej
[16:12:41][INFO ][PID: 8210] TURYSTA #57: Wystarczy na dziś, wychodzę
[16:12:41][INFO ][PID: 8210] TURYSTA #57: Kończę dzień z 3 zjazdami
